2022-07-29 19:47:17 [Thread-8] INFO  o.s.o.j.LocalContainerEntityManagerFactoryBean - Closing JPA EntityManagerFactory for persistence unit 'default'
2022-07-29 19:47:17 [Thread-8] WARN  o.s.b.f.s.DisposableBeanAdapter - Invocation of destroy method failed on bean with name 'inMemoryDatabaseShutdownExecutor': org.h2.jdbc.JdbcSQLNonTransientConnectionException: Database is already closed (to disable automatic closing at VM shutdown, add ";DB_CLOSE_ON_EXIT=FALSE" to the db URL) [90121-200]
2022-07-29 19:47:18 [Thread-8] INFO  com.zaxxer.hikari.HikariDataSource - HikariPool-2 - Shutdown initiated...
2022-07-29 19:47:18 [Thread-8] INFO  com.zaxxer.hikari.HikariDataSource - HikariPool-2 - Shutdown completed.
2022-07-29 19:47:19 [restartedMain] INFO  a.i.h.HrManagementApplication - Starting HrManagementApplication using Java 11.0.16 on DESKTOP-G9LVEFO with PID 9484 (C:\Users\User\Desktop\hr-spring\target\classes started by User in C:\Users\User\Desktop\hr-spring)
2022-07-29 19:47:19 [restartedMain] INFO  a.i.h.HrManagementApplication - No active profile set, falling back to default profiles: default
2022-07-29 19:47:21 [restartedMain] INFO  o.s.d.r.c.RepositoryConfigurationDelegate - Bootstrapping Spring Data JPA repositories in DEFAULT mode.
2022-07-29 19:47:22 [restartedMain] INFO  o.s.d.r.c.RepositoryConfigurationDelegate - Finished Spring Data repository scanning in 243 ms. Found 5 JPA repository interfaces.
2022-07-29 19:47:23 [restartedMain] INFO  o.s.b.w.e.tomcat.TomcatWebServer - Tomcat initialized with port(s): 8080 (http)
2022-07-29 19:47:23 [restartedMain] INFO  o.a.catalina.core.StandardService - Starting service [Tomcat]
2022-07-29 19:47:23 [restartedMain] INFO  o.a.catalina.core.StandardEngine - Starting Servlet engine: [Apache Tomcat/9.0.55]
2022-07-29 19:47:23 [restartedMain] INFO  o.a.c.c.C.[Tomcat].[localhost].[/] - Initializing Spring embedded WebApplicationContext
2022-07-29 19:47:23 [restartedMain] INFO  o.s.b.w.s.c.ServletWebServerApplicationContext - Root WebApplicationContext: initialization completed in 4051 ms
2022-07-29 19:47:23 [restartedMain] INFO  com.zaxxer.hikari.HikariDataSource - HikariPool-3 - Starting...
2022-07-29 19:47:23 [restartedMain] INFO  com.zaxxer.hikari.HikariDataSource - HikariPool-3 - Start completed.
2022-07-29 19:47:23 [restartedMain] INFO  o.s.b.a.h.H2ConsoleAutoConfiguration - H2 console available at '/h2'. Database available at 'jdbc:h2:mem:mydb'
2022-07-29 19:47:24 [restartedMain] WARN  o.s.b.a.o.j.JpaBaseConfiguration$JpaWebConfiguration - spring.jpa.open-in-view is enabled by default. Therefore, database queries may be performed during view rendering. Explicitly configure spring.jpa.open-in-view to disable this warning
2022-07-29 19:47:24 [restartedMain] INFO  o.f.c.i.license.VersionPrinter - Flyway Community Edition 8.0.4 by Redgate
2022-07-29 19:47:24 [restartedMain] INFO  o.f.c.i.d.base.BaseDatabaseType - Database: jdbc:h2:mem:mydb (H2 1.4)
2022-07-29 19:47:24 [restartedMain] INFO  o.f.core.internal.command.DbValidate - Successfully validated 7 migrations (execution time 00:00.225s)
2022-07-29 19:47:24 [restartedMain] INFO  o.f.c.i.s.JdbcTableSchemaHistory - Creating Schema History table "PUBLIC"."SCHEMA_HISTORY" ...
2022-07-29 19:47:24 [restartedMain] INFO  o.f.core.internal.command.DbMigrate - Current version of schema "PUBLIC": << Empty Schema >>
2022-07-29 19:47:24 [restartedMain] INFO  o.f.core.internal.command.DbMigrate - Migrating schema "PUBLIC" to version "1.1 - ddl create user"
2022-07-29 19:47:25 [restartedMain] INFO  o.f.core.internal.command.DbMigrate - Migrating schema "PUBLIC" to version "1.2 - ddl create department"
2022-07-29 19:47:25 [restartedMain] INFO  o.f.core.internal.command.DbMigrate - Migrating schema "PUBLIC" to version "1.3 - ddl create holiday"
2022-07-29 19:47:25 [restartedMain] INFO  o.f.core.internal.command.DbMigrate - Migrating schema "PUBLIC" to version "1.4 - ddl create request"
2022-07-29 19:47:25 [restartedMain] INFO  o.f.core.internal.command.DbMigrate - Migrating schema "PUBLIC" to version "1.5 - ddl create role"
2022-07-29 19:47:25 [restartedMain] INFO  o.f.core.internal.command.DbMigrate - Migrating schema "PUBLIC" to version "1.6 - ddl constrains"
2022-07-29 19:47:25 [restartedMain] INFO  o.f.core.internal.command.DbMigrate - Migrating schema "PUBLIC" to version "1.7 - ddl insert-data"
2022-07-29 19:47:25 [restartedMain] INFO  o.f.core.internal.command.DbMigrate - Successfully applied 7 migrations to schema "PUBLIC", now at version v1.7 (execution time 00:01.075s)
2022-07-29 19:47:25 [restartedMain] INFO  o.h.jpa.internal.util.LogHelper - HHH000204: Processing PersistenceUnitInfo [name: default]
2022-07-29 19:47:26 [restartedMain] INFO  org.hibernate.dialect.Dialect - HHH000400: Using dialect: org.hibernate.dialect.H2Dialect
2022-07-29 19:47:26 [restartedMain] INFO  o.h.e.t.j.p.i.JtaPlatformInitiator - HHH000490: Using JtaPlatform implementation: [org.hibernate.engine.transaction.jta.platform.internal.NoJtaPlatform]
2022-07-29 19:47:26 [restartedMain] INFO  o.s.o.j.LocalContainerEntityManagerFactoryBean - Initialized JPA EntityManagerFactory for persistence unit 'default'
2022-07-29 19:47:29 [restartedMain] INFO  o.s.s.web.DefaultSecurityFilterChain - Will secure Ant [pattern='/**', OPTIONS] with []
2022-07-29 19:47:29 [restartedMain] INFO  o.s.s.web.DefaultSecurityFilterChain - Will secure Ant [pattern='/swagger-ui/**'] with []
2022-07-29 19:47:29 [restartedMain] INFO  o.s.s.web.DefaultSecurityFilterChain - Will secure Ant [pattern='/v3/api-docs/**'] with []
2022-07-29 19:47:29 [restartedMain] INFO  o.s.s.web.DefaultSecurityFilterChain - Will secure Ant [pattern='/'] with []
2022-07-29 19:47:29 [restartedMain] INFO  o.s.s.web.DefaultSecurityFilterChain - Will secure Ant [pattern='/*.html'] with []
2022-07-29 19:47:29 [restartedMain] INFO  o.s.s.web.DefaultSecurityFilterChain - Will secure Ant [pattern='/favicon.ico'] with []
2022-07-29 19:47:29 [restartedMain] INFO  o.s.s.web.DefaultSecurityFilterChain - Will secure Ant [pattern='/**/*.html'] with []
2022-07-29 19:47:29 [restartedMain] INFO  o.s.s.web.DefaultSecurityFilterChain - Will secure Ant [pattern='/**/*.css'] with []
2022-07-29 19:47:29 [restartedMain] INFO  o.s.s.web.DefaultSecurityFilterChain - Will secure Ant [pattern='/**/*.js'] with []
2022-07-29 19:47:29 [restartedMain] INFO  o.s.s.web.DefaultSecurityFilterChain - Will secure Ant [pattern='/h2/**'] with []
2022-07-29 19:47:29 [restartedMain] INFO  o.s.s.web.DefaultSecurityFilterChain - Will secure any request with [org.springframework.security.web.context.request.async.WebAsyncManagerIntegrationFilter@56e6523b, org.springframework.security.web.context.SecurityContextPersistenceFilter@1e2c8e70, org.springframework.security.web.header.HeaderWriterFilter@1c31701c, org.springframework.security.web.authentication.logout.LogoutFilter@3b955ca1, org.springframework.web.filter.CorsFilter@5aaa990c, al.ikubinfo.hrmanagement.security.JWTFilter@673190de, org.springframework.security.web.savedrequest.RequestCacheAwareFilter@4edba34e, org.springframework.security.web.servletapi.SecurityContextHolderAwareRequestFilter@597d9b19, org.springframework.security.web.authentication.AnonymousAuthenticationFilter@827a199, org.springframework.security.web.session.SessionManagementFilter@3515a80f, org.springframework.security.web.access.ExceptionTranslationFilter@14e899f2, org.springframework.security.web.access.intercept.FilterSecurityInterceptor@189efcf5]
2022-07-29 19:47:32 [restartedMain] INFO  o.s.b.d.a.OptionalLiveReloadServer - LiveReload server is running on port 35729
2022-07-29 19:47:32 [restartedMain] INFO  o.s.b.w.e.tomcat.TomcatWebServer - Tomcat started on port(s): 8080 (http) with context path ''
2022-07-29 19:47:32 [restartedMain] INFO  a.i.h.HrManagementApplication - Started HrManagementApplication in 13.766 seconds (JVM running for 8096.454)
2022-07-29 19:47:32 [restartedMain] INFO  o.s.b.d.a.ConditionEvaluationDeltaLoggingListener - Condition evaluation unchanged
2022-07-29 19:47:45 [restartedMain] INFO  a.i.h.HrManagementApplication - Starting HrManagementApplication using Java 11.0.16 on DESKTOP-G9LVEFO with PID 10880 (C:\Users\User\Desktop\hr-spring\target\classes started by User in C:\Users\User\Desktop\hr-spring)
2022-07-29 19:47:45 [restartedMain] INFO  a.i.h.HrManagementApplication - No active profile set, falling back to default profiles: default
2022-07-29 19:47:45 [restartedMain] INFO  o.s.b.d.restart.ChangeableUrls - The Class-Path manifest attribute in C:\Users\User\.m2\repository\org\apache\derby\derby\10.14.2.0\derby-10.14.2.0.jar referenced one or more files that do not exist: file:/C:/Users/User/.m2/repository/org/apache/derby/derby/10.14.2.0/derbyLocale_cs.jar,file:/C:/Users/User/.m2/repository/org/apache/derby/derby/10.14.2.0/derbyLocale_de_DE.jar,file:/C:/Users/User/.m2/repository/org/apache/derby/derby/10.14.2.0/derbyLocale_es.jar,file:/C:/Users/User/.m2/repository/org/apache/derby/derby/10.14.2.0/derbyLocale_fr.jar,file:/C:/Users/User/.m2/repository/org/apache/derby/derby/10.14.2.0/derbyLocale_hu.jar,file:/C:/Users/User/.m2/repository/org/apache/derby/derby/10.14.2.0/derbyLocale_it.jar,file:/C:/Users/User/.m2/repository/org/apache/derby/derby/10.14.2.0/derbyLocale_ja_JP.jar,file:/C:/Users/User/.m2/repository/org/apache/derby/derby/10.14.2.0/derbyLocale_ko_KR.jar,file:/C:/Users/User/.m2/repository/org/apache/derby/derby/10.14.2.0/derbyLocale_pl.jar,file:/C:/Users/User/.m2/repository/org/apache/derby/derby/10.14.2.0/derbyLocale_pt_BR.jar,file:/C:/Users/User/.m2/repository/org/apache/derby/derby/10.14.2.0/derbyLocale_ru.jar,file:/C:/Users/User/.m2/repository/org/apache/derby/derby/10.14.2.0/derbyLocale_zh_CN.jar,file:/C:/Users/User/.m2/repository/org/apache/derby/derby/10.14.2.0/derbyLocale_zh_TW.jar
2022-07-29 19:47:45 [restartedMain] INFO  o.s.b.d.e.DevToolsPropertyDefaultsPostProcessor - Devtools property defaults active! Set 'spring.devtools.add-properties' to 'false' to disable
2022-07-29 19:47:45 [restartedMain] INFO  o.s.b.d.e.DevToolsPropertyDefaultsPostProcessor - For additional web related logging consider setting the 'logging.level.web' property to 'DEBUG'
2022-07-29 19:47:50 [restartedMain] INFO  o.s.d.r.c.RepositoryConfigurationDelegate - Bootstrapping Spring Data JPA repositories in DEFAULT mode.
2022-07-29 19:47:50 [restartedMain] INFO  o.s.d.r.c.RepositoryConfigurationDelegate - Finished Spring Data repository scanning in 354 ms. Found 5 JPA repository interfaces.
2022-07-29 19:47:57 [restartedMain] INFO  o.s.b.w.e.tomcat.TomcatWebServer - Tomcat initialized with port(s): 8080 (http)
2022-07-29 19:47:57 [restartedMain] INFO  o.a.catalina.core.StandardService - Starting service [Tomcat]
2022-07-29 19:47:57 [restartedMain] INFO  o.a.catalina.core.StandardEngine - Starting Servlet engine: [Apache Tomcat/9.0.55]
2022-07-29 19:47:57 [restartedMain] INFO  o.a.c.c.C.[Tomcat].[localhost].[/] - Initializing Spring embedded WebApplicationContext
2022-07-29 19:47:57 [restartedMain] INFO  o.s.b.w.s.c.ServletWebServerApplicationContext - Root WebApplicationContext: initialization completed in 12523 ms
2022-07-29 19:47:58 [restartedMain] INFO  com.zaxxer.hikari.HikariDataSource - HikariPool-1 - Starting...
2022-07-29 19:47:58 [restartedMain] INFO  com.zaxxer.hikari.HikariDataSource - HikariPool-1 - Start completed.
2022-07-29 19:47:58 [restartedMain] INFO  o.s.b.a.h.H2ConsoleAutoConfiguration - H2 console available at '/h2'. Database available at 'jdbc:h2:mem:mydb'
2022-07-29 19:47:59 [restartedMain] WARN  o.s.b.a.o.j.JpaBaseConfiguration$JpaWebConfiguration - spring.jpa.open-in-view is enabled by default. Therefore, database queries may be performed during view rendering. Explicitly configure spring.jpa.open-in-view to disable this warning
2022-07-29 19:48:00 [restartedMain] INFO  o.f.c.i.license.VersionPrinter - Flyway Community Edition 8.0.4 by Redgate
2022-07-29 19:48:00 [restartedMain] INFO  o.f.c.i.d.base.BaseDatabaseType - Database: jdbc:h2:mem:mydb (H2 1.4)
2022-07-29 19:48:00 [restartedMain] INFO  o.f.core.internal.command.DbValidate - Successfully validated 7 migrations (execution time 00:00.149s)
2022-07-29 19:48:00 [restartedMain] INFO  o.f.c.i.s.JdbcTableSchemaHistory - Creating Schema History table "PUBLIC"."SCHEMA_HISTORY" ...
2022-07-29 19:48:01 [restartedMain] INFO  o.f.core.internal.command.DbMigrate - Current version of schema "PUBLIC": << Empty Schema >>
2022-07-29 19:48:01 [restartedMain] INFO  o.f.core.internal.command.DbMigrate - Migrating schema "PUBLIC" to version "1.1 - ddl create user"
2022-07-29 19:48:01 [restartedMain] INFO  o.f.core.internal.command.DbMigrate - Migrating schema "PUBLIC" to version "1.2 - ddl create department"
2022-07-29 19:48:01 [restartedMain] INFO  o.f.core.internal.command.DbMigrate - Migrating schema "PUBLIC" to version "1.3 - ddl create holiday"
2022-07-29 19:48:01 [restartedMain] INFO  o.f.core.internal.command.DbMigrate - Migrating schema "PUBLIC" to version "1.4 - ddl create request"
2022-07-29 19:48:02 [restartedMain] INFO  o.f.core.internal.command.DbMigrate - Migrating schema "PUBLIC" to version "1.5 - ddl create role"
2022-07-29 19:48:02 [restartedMain] INFO  o.f.core.internal.command.DbMigrate - Migrating schema "PUBLIC" to version "1.6 - ddl constrains"
2022-07-29 19:48:02 [restartedMain] INFO  o.f.core.internal.command.DbMigrate - Migrating schema "PUBLIC" to version "1.7 - ddl insert-data"
2022-07-29 19:48:02 [restartedMain] INFO  o.f.core.internal.command.DbMigrate - Successfully applied 7 migrations to schema "PUBLIC", now at version v1.7 (execution time 00:01.561s)
2022-07-29 19:48:04 [restartedMain] INFO  o.h.jpa.internal.util.LogHelper - HHH000204: Processing PersistenceUnitInfo [name: default]
2022-07-29 19:48:04 [restartedMain] INFO  org.hibernate.Version - HHH000412: Hibernate ORM core version 5.6.1.Final
2022-07-29 19:48:05 [restartedMain] INFO  o.h.annotations.common.Version - HCANN000001: Hibernate Commons Annotations {5.1.2.Final}
2022-07-29 19:48:05 [restartedMain] INFO  org.hibernate.dialect.Dialect - HHH000400: Using dialect: org.hibernate.dialect.H2Dialect
2022-07-29 19:48:08 [restartedMain] INFO  o.h.e.t.j.p.i.JtaPlatformInitiator - HHH000490: Using JtaPlatform implementation: [org.hibernate.engine.transaction.jta.platform.internal.NoJtaPlatform]
2022-07-29 19:48:09 [restartedMain] INFO  o.s.o.j.LocalContainerEntityManagerFactoryBean - Initialized JPA EntityManagerFactory for persistence unit 'default'
2022-07-29 19:48:14 [restartedMain] INFO  o.s.s.web.DefaultSecurityFilterChain - Will secure Ant [pattern='/**', OPTIONS] with []
2022-07-29 19:48:14 [restartedMain] INFO  o.s.s.web.DefaultSecurityFilterChain - Will secure Ant [pattern='/swagger-ui/**'] with []
2022-07-29 19:48:14 [restartedMain] INFO  o.s.s.web.DefaultSecurityFilterChain - Will secure Ant [pattern='/v3/api-docs/**'] with []
2022-07-29 19:48:14 [restartedMain] INFO  o.s.s.web.DefaultSecurityFilterChain - Will secure Ant [pattern='/'] with []
2022-07-29 19:48:14 [restartedMain] INFO  o.s.s.web.DefaultSecurityFilterChain - Will secure Ant [pattern='/*.html'] with []
2022-07-29 19:48:14 [restartedMain] INFO  o.s.s.web.DefaultSecurityFilterChain - Will secure Ant [pattern='/favicon.ico'] with []
2022-07-29 19:48:14 [restartedMain] INFO  o.s.s.web.DefaultSecurityFilterChain - Will secure Ant [pattern='/**/*.html'] with []
2022-07-29 19:48:14 [restartedMain] INFO  o.s.s.web.DefaultSecurityFilterChain - Will secure Ant [pattern='/**/*.css'] with []
2022-07-29 19:48:14 [restartedMain] INFO  o.s.s.web.DefaultSecurityFilterChain - Will secure Ant [pattern='/**/*.js'] with []
2022-07-29 19:48:14 [restartedMain] INFO  o.s.s.web.DefaultSecurityFilterChain - Will secure Ant [pattern='/h2/**'] with []
2022-07-29 19:48:15 [restartedMain] INFO  o.s.s.web.DefaultSecurityFilterChain - Will secure any request with [org.springframework.security.web.context.request.async.WebAsyncManagerIntegrationFilter@26ed63a6, org.springframework.security.web.context.SecurityContextPersistenceFilter@16b2bc5d, org.springframework.security.web.header.HeaderWriterFilter@77839b11, org.springframework.security.web.authentication.logout.LogoutFilter@15bcbdfa, org.springframework.web.filter.CorsFilter@4660dac0, al.ikubinfo.hrmanagement.security.JWTFilter@68ea83af, org.springframework.security.web.savedrequest.RequestCacheAwareFilter@1ce82782, org.springframework.security.web.servletapi.SecurityContextHolderAwareRequestFilter@7e793f9f, org.springframework.security.web.authentication.AnonymousAuthenticationFilter@3004be44, org.springframework.security.web.session.SessionManagementFilter@1d4ef2f8, org.springframework.security.web.access.ExceptionTranslationFilter@8652336, org.springframework.security.web.access.intercept.FilterSecurityInterceptor@796ead33]
2022-07-29 19:48:19 [restartedMain] WARN  o.s.b.d.a.OptionalLiveReloadServer - Unable to start LiveReload server
2022-07-29 19:48:19 [restartedMain] WARN  o.s.b.w.s.c.AnnotationConfigServletWebServerApplicationContext - Exception encountered during context initialization - cancelling refresh attempt: org.springframework.context.ApplicationContextException: Failed to start bean 'webServerStartStop'; nested exception is org.springframework.boot.web.server.PortInUseException: Port 8080 is already in use
2022-07-29 19:48:19 [restartedMain] INFO  o.s.o.j.LocalContainerEntityManagerFactoryBean - Closing JPA EntityManagerFactory for persistence unit 'default'
2022-07-29 19:48:20 [restartedMain] WARN  o.s.b.f.s.DisposableBeanAdapter - Invocation of destroy method failed on bean with name 'inMemoryDatabaseShutdownExecutor': org.h2.jdbc.JdbcSQLNonTransientConnectionException: Database is already closed (to disable automatic closing at VM shutdown, add ";DB_CLOSE_ON_EXIT=FALSE" to the db URL) [90121-200]
2022-07-29 19:48:20 [restartedMain] INFO  com.zaxxer.hikari.HikariDataSource - HikariPool-1 - Shutdown initiated...
2022-07-29 19:48:20 [restartedMain] INFO  com.zaxxer.hikari.HikariDataSource - HikariPool-1 - Shutdown completed.
2022-07-29 19:48:20 [restartedMain] INFO  o.a.catalina.core.StandardService - Stopping service [Tomcat]
2022-07-29 19:48:20 [restartedMain] INFO  o.s.b.a.l.ConditionEvaluationReportLoggingListener - 

Error starting ApplicationContext. To display the conditions report re-run your application with 'debug' enabled.
2022-07-29 19:48:20 [restartedMain] ERROR o.s.b.d.LoggingFailureAnalysisReporter - 

***************************
APPLICATION FAILED TO START
***************************

Description:

Web server failed to start. Port 8080 was already in use.

Action:

Identify and stop the process that's listening on port 8080 or configure this application to listen on another port.

2022-07-29 19:48:59 [Thread-12] INFO  o.s.o.j.LocalContainerEntityManagerFactoryBean - Closing JPA EntityManagerFactory for persistence unit 'default'
2022-07-29 19:48:59 [Thread-12] WARN  o.s.b.f.s.DisposableBeanAdapter - Invocation of destroy method failed on bean with name 'inMemoryDatabaseShutdownExecutor': org.h2.jdbc.JdbcSQLNonTransientConnectionException: Database is already closed (to disable automatic closing at VM shutdown, add ";DB_CLOSE_ON_EXIT=FALSE" to the db URL) [90121-200]
2022-07-29 19:48:59 [Thread-12] INFO  com.zaxxer.hikari.HikariDataSource - HikariPool-3 - Shutdown initiated...
2022-07-29 19:48:59 [Thread-12] INFO  com.zaxxer.hikari.HikariDataSource - HikariPool-3 - Shutdown completed.
2022-07-29 19:49:00 [restartedMain] INFO  a.i.h.HrManagementApplication - Starting HrManagementApplication using Java 11.0.16 on DESKTOP-G9LVEFO with PID 9484 (C:\Users\User\Desktop\hr-spring\target\classes started by User in C:\Users\User\Desktop\hr-spring)
2022-07-29 19:49:00 [restartedMain] INFO  a.i.h.HrManagementApplication - No active profile set, falling back to default profiles: default
2022-07-29 19:49:01 [restartedMain] INFO  o.s.d.r.c.RepositoryConfigurationDelegate - Bootstrapping Spring Data JPA repositories in DEFAULT mode.
2022-07-29 19:49:02 [restartedMain] INFO  o.s.d.r.c.RepositoryConfigurationDelegate - Finished Spring Data repository scanning in 389 ms. Found 5 JPA repository interfaces.
2022-07-29 19:49:02 [restartedMain] INFO  o.s.b.w.e.tomcat.TomcatWebServer - Tomcat initialized with port(s): 8090 (http)
2022-07-29 19:49:02 [restartedMain] INFO  o.a.catalina.core.StandardService - Starting service [Tomcat]
2022-07-29 19:49:02 [restartedMain] INFO  o.a.catalina.core.StandardEngine - Starting Servlet engine: [Apache Tomcat/9.0.55]
2022-07-29 19:49:02 [restartedMain] INFO  o.a.c.c.C.[Tomcat].[localhost].[/] - Initializing Spring embedded WebApplicationContext
2022-07-29 19:49:02 [restartedMain] INFO  o.s.b.w.s.c.ServletWebServerApplicationContext - Root WebApplicationContext: initialization completed in 2847 ms
2022-07-29 19:49:03 [restartedMain] INFO  com.zaxxer.hikari.HikariDataSource - HikariPool-4 - Starting...
2022-07-29 19:49:03 [restartedMain] INFO  com.zaxxer.hikari.HikariDataSource - HikariPool-4 - Start completed.
2022-07-29 19:49:03 [restartedMain] INFO  o.s.b.a.h.H2ConsoleAutoConfiguration - H2 console available at '/h2'. Database available at 'jdbc:h2:mem:mydb'
2022-07-29 19:49:03 [restartedMain] WARN  o.s.b.a.o.j.JpaBaseConfiguration$JpaWebConfiguration - spring.jpa.open-in-view is enabled by default. Therefore, database queries may be performed during view rendering. Explicitly configure spring.jpa.open-in-view to disable this warning
2022-07-29 19:49:03 [restartedMain] INFO  o.f.c.i.license.VersionPrinter - Flyway Community Edition 8.0.4 by Redgate
2022-07-29 19:49:03 [restartedMain] INFO  o.f.c.i.d.base.BaseDatabaseType - Database: jdbc:h2:mem:mydb (H2 1.4)
2022-07-29 19:49:03 [restartedMain] INFO  o.f.core.internal.command.DbValidate - Successfully validated 7 migrations (execution time 00:00.049s)
2022-07-29 19:49:03 [restartedMain] INFO  o.f.c.i.s.JdbcTableSchemaHistory - Creating Schema History table "PUBLIC"."SCHEMA_HISTORY" ...
2022-07-29 19:49:03 [restartedMain] INFO  o.f.core.internal.command.DbMigrate - Current version of schema "PUBLIC": << Empty Schema >>
2022-07-29 19:49:03 [restartedMain] INFO  o.f.core.internal.command.DbMigrate - Migrating schema "PUBLIC" to version "1.1 - ddl create user"
2022-07-29 19:49:03 [restartedMain] INFO  o.f.core.internal.command.DbMigrate - Migrating schema "PUBLIC" to version "1.2 - ddl create department"
2022-07-29 19:49:03 [restartedMain] INFO  o.f.core.internal.command.DbMigrate - Migrating schema "PUBLIC" to version "1.3 - ddl create holiday"
2022-07-29 19:49:04 [restartedMain] INFO  o.f.core.internal.command.DbMigrate - Migrating schema "PUBLIC" to version "1.4 - ddl create request"
2022-07-29 19:49:04 [restartedMain] INFO  o.f.core.internal.command.DbMigrate - Migrating schema "PUBLIC" to version "1.5 - ddl create role"
2022-07-29 19:49:04 [restartedMain] INFO  o.f.core.internal.command.DbMigrate - Migrating schema "PUBLIC" to version "1.6 - ddl constrains"
2022-07-29 19:49:04 [restartedMain] INFO  o.f.core.internal.command.DbMigrate - Migrating schema "PUBLIC" to version "1.7 - ddl insert-data"
2022-07-29 19:49:04 [restartedMain] INFO  o.f.core.internal.command.DbMigrate - Successfully applied 7 migrations to schema "PUBLIC", now at version v1.7 (execution time 00:00.888s)
2022-07-29 19:49:04 [restartedMain] INFO  o.h.jpa.internal.util.LogHelper - HHH000204: Processing PersistenceUnitInfo [name: default]
2022-07-29 19:49:04 [restartedMain] INFO  org.hibernate.dialect.Dialect - HHH000400: Using dialect: org.hibernate.dialect.H2Dialect
2022-07-29 19:49:05 [restartedMain] INFO  o.h.e.t.j.p.i.JtaPlatformInitiator - HHH000490: Using JtaPlatform implementation: [org.hibernate.engine.transaction.jta.platform.internal.NoJtaPlatform]
2022-07-29 19:49:05 [restartedMain] INFO  o.s.o.j.LocalContainerEntityManagerFactoryBean - Initialized JPA EntityManagerFactory for persistence unit 'default'
2022-07-29 19:49:06 [restartedMain] INFO  o.s.s.web.DefaultSecurityFilterChain - Will secure Ant [pattern='/**', OPTIONS] with []
2022-07-29 19:49:06 [restartedMain] INFO  o.s.s.web.DefaultSecurityFilterChain - Will secure Ant [pattern='/swagger-ui/**'] with []
2022-07-29 19:49:06 [restartedMain] INFO  o.s.s.web.DefaultSecurityFilterChain - Will secure Ant [pattern='/v3/api-docs/**'] with []
2022-07-29 19:49:06 [restartedMain] INFO  o.s.s.web.DefaultSecurityFilterChain - Will secure Ant [pattern='/'] with []
2022-07-29 19:49:06 [restartedMain] INFO  o.s.s.web.DefaultSecurityFilterChain - Will secure Ant [pattern='/*.html'] with []
2022-07-29 19:49:06 [restartedMain] INFO  o.s.s.web.DefaultSecurityFilterChain - Will secure Ant [pattern='/favicon.ico'] with []
2022-07-29 19:49:06 [restartedMain] INFO  o.s.s.web.DefaultSecurityFilterChain - Will secure Ant [pattern='/**/*.html'] with []
2022-07-29 19:49:06 [restartedMain] INFO  o.s.s.web.DefaultSecurityFilterChain - Will secure Ant [pattern='/**/*.css'] with []
2022-07-29 19:49:06 [restartedMain] INFO  o.s.s.web.DefaultSecurityFilterChain - Will secure Ant [pattern='/**/*.js'] with []
2022-07-29 19:49:06 [restartedMain] INFO  o.s.s.web.DefaultSecurityFilterChain - Will secure Ant [pattern='/h2/**'] with []
2022-07-29 19:49:06 [restartedMain] INFO  o.s.s.web.DefaultSecurityFilterChain - Will secure any request with [org.springframework.security.web.context.request.async.WebAsyncManagerIntegrationFilter@67e3ea87, org.springframework.security.web.context.SecurityContextPersistenceFilter@70583849, org.springframework.security.web.header.HeaderWriterFilter@5b459b2, org.springframework.security.web.authentication.logout.LogoutFilter@48502f60, org.springframework.web.filter.CorsFilter@717b20ea, al.ikubinfo.hrmanagement.security.JWTFilter@5c587339, org.springframework.security.web.savedrequest.RequestCacheAwareFilter@70223a1b, org.springframework.security.web.servletapi.SecurityContextHolderAwareRequestFilter@577c9464, org.springframework.security.web.authentication.AnonymousAuthenticationFilter@6303cda3, org.springframework.security.web.session.SessionManagementFilter@25c16d10, org.springframework.security.web.access.ExceptionTranslationFilter@7c8f8eaf, org.springframework.security.web.access.intercept.FilterSecurityInterceptor@6d6a41d0]
2022-07-29 19:49:08 [restartedMain] INFO  a.i.h.HrManagementApplication - Starting HrManagementApplication using Java 11.0.16 on DESKTOP-G9LVEFO with PID 9200 (C:\Users\User\Desktop\hr-spring\target\classes started by User in C:\Users\User\Desktop\hr-spring)
2022-07-29 19:49:08 [restartedMain] INFO  a.i.h.HrManagementApplication - No active profile set, falling back to default profiles: default
2022-07-29 19:49:08 [restartedMain] INFO  o.s.b.d.restart.ChangeableUrls - The Class-Path manifest attribute in C:\Users\User\.m2\repository\org\apache\derby\derby\10.14.2.0\derby-10.14.2.0.jar referenced one or more files that do not exist: file:/C:/Users/User/.m2/repository/org/apache/derby/derby/10.14.2.0/derbyLocale_cs.jar,file:/C:/Users/User/.m2/repository/org/apache/derby/derby/10.14.2.0/derbyLocale_de_DE.jar,file:/C:/Users/User/.m2/repository/org/apache/derby/derby/10.14.2.0/derbyLocale_es.jar,file:/C:/Users/User/.m2/repository/org/apache/derby/derby/10.14.2.0/derbyLocale_fr.jar,file:/C:/Users/User/.m2/repository/org/apache/derby/derby/10.14.2.0/derbyLocale_hu.jar,file:/C:/Users/User/.m2/repository/org/apache/derby/derby/10.14.2.0/derbyLocale_it.jar,file:/C:/Users/User/.m2/repository/org/apache/derby/derby/10.14.2.0/derbyLocale_ja_JP.jar,file:/C:/Users/User/.m2/repository/org/apache/derby/derby/10.14.2.0/derbyLocale_ko_KR.jar,file:/C:/Users/User/.m2/repository/org/apache/derby/derby/10.14.2.0/derbyLocale_pl.jar,file:/C:/Users/User/.m2/repository/org/apache/derby/derby/10.14.2.0/derbyLocale_pt_BR.jar,file:/C:/Users/User/.m2/repository/org/apache/derby/derby/10.14.2.0/derbyLocale_ru.jar,file:/C:/Users/User/.m2/repository/org/apache/derby/derby/10.14.2.0/derbyLocale_zh_CN.jar,file:/C:/Users/User/.m2/repository/org/apache/derby/derby/10.14.2.0/derbyLocale_zh_TW.jar
2022-07-29 19:49:08 [restartedMain] INFO  o.s.b.d.e.DevToolsPropertyDefaultsPostProcessor - Devtools property defaults active! Set 'spring.devtools.add-properties' to 'false' to disable
2022-07-29 19:49:08 [restartedMain] INFO  o.s.b.d.e.DevToolsPropertyDefaultsPostProcessor - For additional web related logging consider setting the 'logging.level.web' property to 'DEBUG'
2022-07-29 19:49:09 [restartedMain] INFO  o.s.b.d.a.OptionalLiveReloadServer - LiveReload server is running on port 35729
2022-07-29 19:49:09 [restartedMain] INFO  o.s.b.w.e.tomcat.TomcatWebServer - Tomcat started on port(s): 8090 (http) with context path ''
2022-07-29 19:49:09 [restartedMain] INFO  a.i.h.HrManagementApplication - Started HrManagementApplication in 9.773 seconds (JVM running for 8193.733)
2022-07-29 19:49:09 [restartedMain] INFO  o.s.b.d.a.ConditionEvaluationDeltaLoggingListener - Condition evaluation unchanged
2022-07-29 19:49:13 [restartedMain] INFO  o.s.d.r.c.RepositoryConfigurationDelegate - Bootstrapping Spring Data JPA repositories in DEFAULT mode.
2022-07-29 19:49:13 [Thread-16] INFO  o.s.o.j.LocalContainerEntityManagerFactoryBean - Closing JPA EntityManagerFactory for persistence unit 'default'
2022-07-29 19:49:13 [Thread-16] WARN  o.s.b.f.s.DisposableBeanAdapter - Invocation of destroy method failed on bean with name 'inMemoryDatabaseShutdownExecutor': org.h2.jdbc.JdbcSQLNonTransientConnectionException: Database is already closed (to disable automatic closing at VM shutdown, add ";DB_CLOSE_ON_EXIT=FALSE" to the db URL) [90121-200]
2022-07-29 19:49:13 [Thread-16] INFO  com.zaxxer.hikari.HikariDataSource - HikariPool-4 - Shutdown initiated...
2022-07-29 19:49:13 [restartedMain] INFO  o.s.d.r.c.RepositoryConfigurationDelegate - Finished Spring Data repository scanning in 413 ms. Found 5 JPA repository interfaces.
2022-07-29 19:49:13 [Thread-16] INFO  com.zaxxer.hikari.HikariDataSource - HikariPool-4 - Shutdown completed.
2022-07-29 19:49:15 [restartedMain] INFO  a.i.h.HrManagementApplication - Starting HrManagementApplication using Java 11.0.16 on DESKTOP-G9LVEFO with PID 9484 (C:\Users\User\Desktop\hr-spring\target\classes started by User in C:\Users\User\Desktop\hr-spring)
2022-07-29 19:49:15 [restartedMain] INFO  a.i.h.HrManagementApplication - No active profile set, falling back to default profiles: default
2022-07-29 19:49:17 [restartedMain] INFO  o.s.d.r.c.RepositoryConfigurationDelegate - Bootstrapping Spring Data JPA repositories in DEFAULT mode.
2022-07-29 19:49:17 [restartedMain] INFO  o.s.d.r.c.RepositoryConfigurationDelegate - Finished Spring Data repository scanning in 453 ms. Found 5 JPA repository interfaces.
2022-07-29 19:49:18 [restartedMain] INFO  o.s.b.w.e.tomcat.TomcatWebServer - Tomcat initialized with port(s): 8090 (http)
2022-07-29 19:49:18 [restartedMain] INFO  o.a.catalina.core.StandardService - Starting service [Tomcat]
2022-07-29 19:49:18 [restartedMain] INFO  o.a.catalina.core.StandardEngine - Starting Servlet engine: [Apache Tomcat/9.0.55]
2022-07-29 19:49:18 [restartedMain] INFO  o.a.c.c.C.[Tomcat].[localhost].[/] - Initializing Spring embedded WebApplicationContext
2022-07-29 19:49:18 [restartedMain] INFO  o.s.b.w.s.c.ServletWebServerApplicationContext - Root WebApplicationContext: initialization completed in 3715 ms
2022-07-29 19:49:18 [restartedMain] INFO  com.zaxxer.hikari.HikariDataSource - HikariPool-5 - Starting...
2022-07-29 19:49:18 [restartedMain] INFO  com.zaxxer.hikari.HikariDataSource - HikariPool-5 - Start completed.
2022-07-29 19:49:18 [restartedMain] INFO  o.s.b.a.h.H2ConsoleAutoConfiguration - H2 console available at '/h2'. Database available at 'jdbc:h2:mem:mydb'
2022-07-29 19:49:19 [restartedMain] WARN  o.s.b.a.o.j.JpaBaseConfiguration$JpaWebConfiguration - spring.jpa.open-in-view is enabled by default. Therefore, database queries may be performed during view rendering. Explicitly configure spring.jpa.open-in-view to disable this warning
2022-07-29 19:49:19 [restartedMain] INFO  o.f.c.i.license.VersionPrinter - Flyway Community Edition 8.0.4 by Redgate
2022-07-29 19:49:19 [restartedMain] INFO  o.f.c.i.d.base.BaseDatabaseType - Database: jdbc:h2:mem:mydb (H2 1.4)
2022-07-29 19:49:19 [restartedMain] INFO  o.f.core.internal.command.DbValidate - Successfully validated 7 migrations (execution time 00:00.042s)
2022-07-29 19:49:19 [restartedMain] INFO  o.f.c.i.s.JdbcTableSchemaHistory - Creating Schema History table "PUBLIC"."SCHEMA_HISTORY" ...
2022-07-29 19:49:19 [restartedMain] INFO  o.f.core.internal.command.DbMigrate - Current version of schema "PUBLIC": << Empty Schema >>
2022-07-29 19:49:19 [restartedMain] INFO  o.f.core.internal.command.DbMigrate - Migrating schema "PUBLIC" to version "1.1 - ddl create user"
2022-07-29 19:49:19 [restartedMain] INFO  o.f.core.internal.command.DbMigrate - Migrating schema "PUBLIC" to version "1.2 - ddl create department"
2022-07-29 19:49:19 [restartedMain] INFO  o.f.core.internal.command.DbMigrate - Migrating schema "PUBLIC" to version "1.3 - ddl create holiday"
2022-07-29 19:49:19 [restartedMain] INFO  o.f.core.internal.command.DbMigrate - Migrating schema "PUBLIC" to version "1.4 - ddl create request"
2022-07-29 19:49:19 [restartedMain] INFO  o.f.core.internal.command.DbMigrate - Migrating schema "PUBLIC" to version "1.5 - ddl create role"
2022-07-29 19:49:19 [restartedMain] INFO  o.f.core.internal.command.DbMigrate - Migrating schema "PUBLIC" to version "1.6 - ddl constrains"
2022-07-29 19:49:19 [restartedMain] INFO  o.f.core.internal.command.DbMigrate - Migrating schema "PUBLIC" to version "1.7 - ddl insert-data"
2022-07-29 19:49:19 [restartedMain] INFO  o.f.core.internal.command.DbMigrate - Successfully applied 7 migrations to schema "PUBLIC", now at version v1.7 (execution time 00:00.340s)
2022-07-29 19:49:19 [restartedMain] INFO  o.h.jpa.internal.util.LogHelper - HHH000204: Processing PersistenceUnitInfo [name: default]
2022-07-29 19:49:19 [restartedMain] INFO  org.hibernate.dialect.Dialect - HHH000400: Using dialect: org.hibernate.dialect.H2Dialect
2022-07-29 19:49:20 [restartedMain] INFO  o.h.e.t.j.p.i.JtaPlatformInitiator - HHH000490: Using JtaPlatform implementation: [org.hibernate.engine.transaction.jta.platform.internal.NoJtaPlatform]
2022-07-29 19:49:20 [restartedMain] INFO  o.s.o.j.LocalContainerEntityManagerFactoryBean - Initialized JPA EntityManagerFactory for persistence unit 'default'
2022-07-29 19:49:21 [restartedMain] INFO  o.s.s.web.DefaultSecurityFilterChain - Will secure Ant [pattern='/**', OPTIONS] with []
2022-07-29 19:49:21 [restartedMain] INFO  o.s.s.web.DefaultSecurityFilterChain - Will secure Ant [pattern='/swagger-ui/**'] with []
2022-07-29 19:49:21 [restartedMain] INFO  o.s.s.web.DefaultSecurityFilterChain - Will secure Ant [pattern='/v3/api-docs/**'] with []
2022-07-29 19:49:21 [restartedMain] INFO  o.s.s.web.DefaultSecurityFilterChain - Will secure Ant [pattern='/'] with []
2022-07-29 19:49:21 [restartedMain] INFO  o.s.s.web.DefaultSecurityFilterChain - Will secure Ant [pattern='/*.html'] with []
2022-07-29 19:49:21 [restartedMain] INFO  o.s.s.web.DefaultSecurityFilterChain - Will secure Ant [pattern='/favicon.ico'] with []
2022-07-29 19:49:21 [restartedMain] INFO  o.s.s.web.DefaultSecurityFilterChain - Will secure Ant [pattern='/**/*.html'] with []
2022-07-29 19:49:21 [restartedMain] INFO  o.s.s.web.DefaultSecurityFilterChain - Will secure Ant [pattern='/**/*.css'] with []
2022-07-29 19:49:21 [restartedMain] INFO  o.s.s.web.DefaultSecurityFilterChain - Will secure Ant [pattern='/**/*.js'] with []
2022-07-29 19:49:21 [restartedMain] INFO  o.s.s.web.DefaultSecurityFilterChain - Will secure Ant [pattern='/h2/**'] with []
2022-07-29 19:49:21 [restartedMain] INFO  o.s.s.web.DefaultSecurityFilterChain - Will secure any request with [org.springframework.security.web.context.request.async.WebAsyncManagerIntegrationFilter@2dada6f3, org.springframework.security.web.context.SecurityContextPersistenceFilter@7bed14c0, org.springframework.security.web.header.HeaderWriterFilter@4e2388ea, org.springframework.security.web.authentication.logout.LogoutFilter@f688956, org.springframework.web.filter.CorsFilter@5134bd5a, al.ikubinfo.hrmanagement.security.JWTFilter@295e214b, org.springframework.security.web.savedrequest.RequestCacheAwareFilter@390c9742, org.springframework.security.web.servletapi.SecurityContextHolderAwareRequestFilter@6b3a2c51, org.springframework.security.web.authentication.AnonymousAuthenticationFilter@4d4c5188, org.springframework.security.web.session.SessionManagementFilter@757041bb, org.springframework.security.web.access.ExceptionTranslationFilter@fd9bf40, org.springframework.security.web.access.intercept.FilterSecurityInterceptor@a2ddb6b]
2022-07-29 19:49:23 [restartedMain] INFO  o.s.b.d.a.OptionalLiveReloadServer - LiveReload server is running on port 35729
2022-07-29 19:49:23 [restartedMain] INFO  o.s.b.w.e.tomcat.TomcatWebServer - Tomcat started on port(s): 8090 (http) with context path ''
2022-07-29 19:49:23 [restartedMain] INFO  a.i.h.HrManagementApplication - Started HrManagementApplication in 8.912 seconds (JVM running for 8207.411)
2022-07-29 19:49:23 [restartedMain] INFO  o.s.b.d.a.ConditionEvaluationDeltaLoggingListener - Condition evaluation unchanged
2022-07-29 19:49:23 [restartedMain] INFO  o.s.b.w.e.tomcat.TomcatWebServer - Tomcat initialized with port(s): 8090 (http)
2022-07-29 19:49:23 [restartedMain] INFO  o.a.catalina.core.StandardService - Starting service [Tomcat]
2022-07-29 19:49:23 [restartedMain] INFO  o.a.catalina.core.StandardEngine - Starting Servlet engine: [Apache Tomcat/9.0.55]
2022-07-29 19:49:23 [restartedMain] INFO  o.a.c.c.C.[Tomcat].[localhost].[/] - Initializing Spring embedded WebApplicationContext
2022-07-29 19:49:23 [restartedMain] INFO  o.s.b.w.s.c.ServletWebServerApplicationContext - Root WebApplicationContext: initialization completed in 14978 ms
2022-07-29 19:49:24 [restartedMain] INFO  com.zaxxer.hikari.HikariDataSource - HikariPool-1 - Starting...
2022-07-29 19:49:24 [restartedMain] INFO  com.zaxxer.hikari.HikariDataSource - HikariPool-1 - Start completed.
2022-07-29 19:49:24 [restartedMain] INFO  o.s.b.a.h.H2ConsoleAutoConfiguration - H2 console available at '/h2'. Database available at 'jdbc:h2:mem:mydb'
2022-07-29 19:49:25 [restartedMain] WARN  o.s.b.a.o.j.JpaBaseConfiguration$JpaWebConfiguration - spring.jpa.open-in-view is enabled by default. Therefore, database queries may be performed during view rendering. Explicitly configure spring.jpa.open-in-view to disable this warning
2022-07-29 19:49:26 [restartedMain] INFO  o.f.c.i.license.VersionPrinter - Flyway Community Edition 8.0.4 by Redgate
2022-07-29 19:49:26 [restartedMain] INFO  o.f.c.i.d.base.BaseDatabaseType - Database: jdbc:h2:mem:mydb (H2 1.4)
2022-07-29 19:49:26 [restartedMain] INFO  o.f.core.internal.command.DbValidate - Successfully validated 7 migrations (execution time 00:00.128s)
2022-07-29 19:49:26 [restartedMain] INFO  o.f.c.i.s.JdbcTableSchemaHistory - Creating Schema History table "PUBLIC"."SCHEMA_HISTORY" ...
2022-07-29 19:49:26 [restartedMain] INFO  o.f.core.internal.command.DbMigrate - Current version of schema "PUBLIC": << Empty Schema >>
2022-07-29 19:49:26 [restartedMain] INFO  o.f.core.internal.command.DbMigrate - Migrating schema "PUBLIC" to version "1.1 - ddl create user"
2022-07-29 19:49:27 [restartedMain] INFO  o.f.core.internal.command.DbMigrate - Migrating schema "PUBLIC" to version "1.2 - ddl create department"
2022-07-29 19:49:27 [restartedMain] INFO  o.f.core.internal.command.DbMigrate - Migrating schema "PUBLIC" to version "1.3 - ddl create holiday"
2022-07-29 19:49:27 [restartedMain] INFO  o.f.core.internal.command.DbMigrate - Migrating schema "PUBLIC" to version "1.4 - ddl create request"
2022-07-29 19:49:27 [restartedMain] INFO  o.f.core.internal.command.DbMigrate - Migrating schema "PUBLIC" to version "1.5 - ddl create role"
2022-07-29 19:49:27 [restartedMain] INFO  o.f.core.internal.command.DbMigrate - Migrating schema "PUBLIC" to version "1.6 - ddl constrains"
2022-07-29 19:49:28 [restartedMain] INFO  o.f.core.internal.command.DbMigrate - Migrating schema "PUBLIC" to version "1.7 - ddl insert-data"
2022-07-29 19:49:28 [restartedMain] INFO  o.f.core.internal.command.DbMigrate - Successfully applied 7 migrations to schema "PUBLIC", now at version v1.7 (execution time 00:01.433s)
2022-07-29 19:49:29 [restartedMain] INFO  o.h.jpa.internal.util.LogHelper - HHH000204: Processing PersistenceUnitInfo [name: default]
2022-07-29 19:49:29 [restartedMain] INFO  org.hibernate.Version - HHH000412: Hibernate ORM core version 5.6.1.Final
2022-07-29 19:49:30 [restartedMain] INFO  o.h.annotations.common.Version - HCANN000001: Hibernate Commons Annotations {5.1.2.Final}
2022-07-29 19:49:30 [restartedMain] INFO  org.hibernate.dialect.Dialect - HHH000400: Using dialect: org.hibernate.dialect.H2Dialect
2022-07-29 19:49:33 [restartedMain] INFO  o.h.e.t.j.p.i.JtaPlatformInitiator - HHH000490: Using JtaPlatform implementation: [org.hibernate.engine.transaction.jta.platform.internal.NoJtaPlatform]
2022-07-29 19:49:34 [restartedMain] INFO  o.s.o.j.LocalContainerEntityManagerFactoryBean - Initialized JPA EntityManagerFactory for persistence unit 'default'
2022-07-29 19:49:39 [restartedMain] INFO  o.s.s.web.DefaultSecurityFilterChain - Will secure Ant [pattern='/**', OPTIONS] with []
2022-07-29 19:49:39 [restartedMain] INFO  o.s.s.web.DefaultSecurityFilterChain - Will secure Ant [pattern='/swagger-ui/**'] with []
2022-07-29 19:49:39 [restartedMain] INFO  o.s.s.web.DefaultSecurityFilterChain - Will secure Ant [pattern='/v3/api-docs/**'] with []
2022-07-29 19:49:39 [restartedMain] INFO  o.s.s.web.DefaultSecurityFilterChain - Will secure Ant [pattern='/'] with []
2022-07-29 19:49:39 [restartedMain] INFO  o.s.s.web.DefaultSecurityFilterChain - Will secure Ant [pattern='/*.html'] with []
2022-07-29 19:49:39 [restartedMain] INFO  o.s.s.web.DefaultSecurityFilterChain - Will secure Ant [pattern='/favicon.ico'] with []
2022-07-29 19:49:39 [restartedMain] INFO  o.s.s.web.DefaultSecurityFilterChain - Will secure Ant [pattern='/**/*.html'] with []
2022-07-29 19:49:39 [restartedMain] INFO  o.s.s.web.DefaultSecurityFilterChain - Will secure Ant [pattern='/**/*.css'] with []
2022-07-29 19:49:39 [restartedMain] INFO  o.s.s.web.DefaultSecurityFilterChain - Will secure Ant [pattern='/**/*.js'] with []
2022-07-29 19:49:39 [restartedMain] INFO  o.s.s.web.DefaultSecurityFilterChain - Will secure Ant [pattern='/h2/**'] with []
2022-07-29 19:49:40 [restartedMain] INFO  o.s.s.web.DefaultSecurityFilterChain - Will secure any request with [org.springframework.security.web.context.request.async.WebAsyncManagerIntegrationFilter@1c552778, org.springframework.security.web.context.SecurityContextPersistenceFilter@4d04fec, org.springframework.security.web.header.HeaderWriterFilter@111c4a2d, org.springframework.security.web.authentication.logout.LogoutFilter@7b2162d, org.springframework.web.filter.CorsFilter@471f858c, al.ikubinfo.hrmanagement.security.JWTFilter@567c95da, org.springframework.security.web.savedrequest.RequestCacheAwareFilter@6a570ae9, org.springframework.security.web.servletapi.SecurityContextHolderAwareRequestFilter@4fc8c42, org.springframework.security.web.authentication.AnonymousAuthenticationFilter@6ed8e034, org.springframework.security.web.session.SessionManagementFilter@1572c7bd, org.springframework.security.web.access.ExceptionTranslationFilter@2ceb6327, org.springframework.security.web.access.intercept.FilterSecurityInterceptor@7e3efae0]
2022-07-29 19:49:44 [restartedMain] WARN  o.s.b.d.a.OptionalLiveReloadServer - Unable to start LiveReload server
2022-07-29 19:49:44 [restartedMain] WARN  o.s.b.w.s.c.AnnotationConfigServletWebServerApplicationContext - Exception encountered during context initialization - cancelling refresh attempt: org.springframework.context.ApplicationContextException: Failed to start bean 'webServerStartStop'; nested exception is org.springframework.boot.web.server.PortInUseException: Port 8090 is already in use
2022-07-29 19:49:44 [restartedMain] INFO  o.s.o.j.LocalContainerEntityManagerFactoryBean - Closing JPA EntityManagerFactory for persistence unit 'default'
2022-07-29 19:49:45 [restartedMain] WARN  o.s.b.f.s.DisposableBeanAdapter - Invocation of destroy method failed on bean with name 'inMemoryDatabaseShutdownExecutor': org.h2.jdbc.JdbcSQLNonTransientConnectionException: Database is already closed (to disable automatic closing at VM shutdown, add ";DB_CLOSE_ON_EXIT=FALSE" to the db URL) [90121-200]
2022-07-29 19:49:45 [restartedMain] INFO  com.zaxxer.hikari.HikariDataSource - HikariPool-1 - Shutdown initiated...
2022-07-29 19:49:45 [restartedMain] INFO  com.zaxxer.hikari.HikariDataSource - HikariPool-1 - Shutdown completed.
2022-07-29 19:49:45 [restartedMain] INFO  o.a.catalina.core.StandardService - Stopping service [Tomcat]
2022-07-29 19:49:45 [restartedMain] INFO  o.s.b.a.l.ConditionEvaluationReportLoggingListener - 

Error starting ApplicationContext. To display the conditions report re-run your application with 'debug' enabled.
2022-07-29 19:49:45 [restartedMain] ERROR o.s.b.d.LoggingFailureAnalysisReporter - 

***************************
APPLICATION FAILED TO START
***************************

Description:

Web server failed to start. Port 8090 was already in use.

Action:

Identify and stop the process that's listening on port 8090 or configure this application to listen on another port.

2022-07-29 19:54:06 [Thread-20] INFO  o.s.o.j.LocalContainerEntityManagerFactoryBean - Closing JPA EntityManagerFactory for persistence unit 'default'
2022-07-29 19:54:06 [Thread-20] WARN  o.s.b.f.s.DisposableBeanAdapter - Invocation of destroy method failed on bean with name 'inMemoryDatabaseShutdownExecutor': org.h2.jdbc.JdbcSQLNonTransientConnectionException: Database is already closed (to disable automatic closing at VM shutdown, add ";DB_CLOSE_ON_EXIT=FALSE" to the db URL) [90121-200]
2022-07-29 19:54:06 [Thread-20] INFO  com.zaxxer.hikari.HikariDataSource - HikariPool-5 - Shutdown initiated...
2022-07-29 19:54:06 [Thread-20] INFO  com.zaxxer.hikari.HikariDataSource - HikariPool-5 - Shutdown completed.
2022-07-29 19:54:07 [restartedMain] INFO  a.i.h.HrManagementApplication - Starting HrManagementApplication using Java 11.0.16 on DESKTOP-G9LVEFO with PID 9484 (C:\Users\User\Desktop\hr-spring\target\classes started by User in C:\Users\User\Desktop\hr-spring)
2022-07-29 19:54:07 [restartedMain] INFO  a.i.h.HrManagementApplication - No active profile set, falling back to default profiles: default
2022-07-29 19:54:08 [restartedMain] INFO  o.s.d.r.c.RepositoryConfigurationDelegate - Bootstrapping Spring Data JPA repositories in DEFAULT mode.
2022-07-29 19:54:08 [restartedMain] INFO  o.s.d.r.c.RepositoryConfigurationDelegate - Finished Spring Data repository scanning in 154 ms. Found 5 JPA repository interfaces.
2022-07-29 19:54:09 [restartedMain] INFO  o.s.b.w.e.tomcat.TomcatWebServer - Tomcat initialized with port(s): 8080 (http)
2022-07-29 19:54:09 [restartedMain] INFO  o.a.catalina.core.StandardService - Starting service [Tomcat]
2022-07-29 19:54:09 [restartedMain] INFO  o.a.catalina.core.StandardEngine - Starting Servlet engine: [Apache Tomcat/9.0.55]
2022-07-29 19:54:09 [restartedMain] INFO  o.a.c.c.C.[Tomcat].[localhost].[/] - Initializing Spring embedded WebApplicationContext
2022-07-29 19:54:09 [restartedMain] INFO  o.s.b.w.s.c.ServletWebServerApplicationContext - Root WebApplicationContext: initialization completed in 1898 ms
2022-07-29 19:54:09 [restartedMain] INFO  com.zaxxer.hikari.HikariDataSource - HikariPool-6 - Starting...
2022-07-29 19:54:09 [restartedMain] INFO  com.zaxxer.hikari.HikariDataSource - HikariPool-6 - Start completed.
2022-07-29 19:54:09 [restartedMain] INFO  o.s.b.a.h.H2ConsoleAutoConfiguration - H2 console available at '/h2'. Database available at 'jdbc:h2:mem:mydb'
2022-07-29 19:54:09 [restartedMain] WARN  o.s.b.a.o.j.JpaBaseConfiguration$JpaWebConfiguration - spring.jpa.open-in-view is enabled by default. Therefore, database queries may be performed during view rendering. Explicitly configure spring.jpa.open-in-view to disable this warning
2022-07-29 19:54:09 [restartedMain] INFO  o.f.c.i.license.VersionPrinter - Flyway Community Edition 8.0.4 by Redgate
2022-07-29 19:54:09 [restartedMain] INFO  o.f.c.i.d.base.BaseDatabaseType - Database: jdbc:h2:mem:mydb (H2 1.4)
2022-07-29 19:54:09 [restartedMain] INFO  o.f.core.internal.command.DbValidate - Successfully validated 7 migrations (execution time 00:00.044s)
2022-07-29 19:54:09 [restartedMain] INFO  o.f.c.i.s.JdbcTableSchemaHistory - Creating Schema History table "PUBLIC"."SCHEMA_HISTORY" ...
2022-07-29 19:54:09 [restartedMain] INFO  o.f.core.internal.command.DbMigrate - Current version of schema "PUBLIC": << Empty Schema >>
2022-07-29 19:54:09 [restartedMain] INFO  o.f.core.internal.command.DbMigrate - Migrating schema "PUBLIC" to version "1.1 - ddl create user"
2022-07-29 19:54:09 [restartedMain] INFO  o.f.core.internal.command.DbMigrate - Migrating schema "PUBLIC" to version "1.2 - ddl create department"
2022-07-29 19:54:09 [restartedMain] INFO  o.f.core.internal.command.DbMigrate - Migrating schema "PUBLIC" to version "1.3 - ddl create holiday"
2022-07-29 19:54:09 [restartedMain] INFO  o.f.core.internal.command.DbMigrate - Migrating schema "PUBLIC" to version "1.4 - ddl create request"
2022-07-29 19:54:10 [restartedMain] INFO  o.f.core.internal.command.DbMigrate - Migrating schema "PUBLIC" to version "1.5 - ddl create role"
2022-07-29 19:54:10 [restartedMain] INFO  o.f.core.internal.command.DbMigrate - Migrating schema "PUBLIC" to version "1.6 - ddl constrains"
2022-07-29 19:54:10 [restartedMain] INFO  o.f.core.internal.command.DbMigrate - Migrating schema "PUBLIC" to version "1.7 - ddl insert-data"
2022-07-29 19:54:10 [restartedMain] INFO  o.f.core.internal.command.DbMigrate - Successfully applied 7 migrations to schema "PUBLIC", now at version v1.7 (execution time 00:00.474s)
2022-07-29 19:54:10 [restartedMain] INFO  o.h.jpa.internal.util.LogHelper - HHH000204: Processing PersistenceUnitInfo [name: default]
2022-07-29 19:54:10 [restartedMain] INFO  org.hibernate.dialect.Dialect - HHH000400: Using dialect: org.hibernate.dialect.H2Dialect
2022-07-29 19:54:10 [restartedMain] INFO  o.h.e.t.j.p.i.JtaPlatformInitiator - HHH000490: Using JtaPlatform implementation: [org.hibernate.engine.transaction.jta.platform.internal.NoJtaPlatform]
2022-07-29 19:54:10 [restartedMain] INFO  o.s.o.j.LocalContainerEntityManagerFactoryBean - Initialized JPA EntityManagerFactory for persistence unit 'default'
2022-07-29 19:54:11 [restartedMain] INFO  o.s.s.web.DefaultSecurityFilterChain - Will secure Ant [pattern='/**', OPTIONS] with []
2022-07-29 19:54:11 [restartedMain] INFO  o.s.s.web.DefaultSecurityFilterChain - Will secure Ant [pattern='/swagger-ui/**'] with []
2022-07-29 19:54:11 [restartedMain] INFO  o.s.s.web.DefaultSecurityFilterChain - Will secure Ant [pattern='/v3/api-docs/**'] with []
2022-07-29 19:54:11 [restartedMain] INFO  o.s.s.web.DefaultSecurityFilterChain - Will secure Ant [pattern='/'] with []
2022-07-29 19:54:11 [restartedMain] INFO  o.s.s.web.DefaultSecurityFilterChain - Will secure Ant [pattern='/*.html'] with []
2022-07-29 19:54:11 [restartedMain] INFO  o.s.s.web.DefaultSecurityFilterChain - Will secure Ant [pattern='/favicon.ico'] with []
2022-07-29 19:54:11 [restartedMain] INFO  o.s.s.web.DefaultSecurityFilterChain - Will secure Ant [pattern='/**/*.html'] with []
2022-07-29 19:54:11 [restartedMain] INFO  o.s.s.web.DefaultSecurityFilterChain - Will secure Ant [pattern='/**/*.css'] with []
2022-07-29 19:54:11 [restartedMain] INFO  o.s.s.web.DefaultSecurityFilterChain - Will secure Ant [pattern='/**/*.js'] with []
2022-07-29 19:54:11 [restartedMain] INFO  o.s.s.web.DefaultSecurityFilterChain - Will secure Ant [pattern='/h2/**'] with []
2022-07-29 19:54:11 [restartedMain] INFO  o.s.s.web.DefaultSecurityFilterChain - Will secure any request with [org.springframework.security.web.context.request.async.WebAsyncManagerIntegrationFilter@76d6eae9, org.springframework.security.web.context.SecurityContextPersistenceFilter@3ea0118, org.springframework.security.web.header.HeaderWriterFilter@103f9fee, org.springframework.security.web.authentication.logout.LogoutFilter@723eaf86, org.springframework.web.filter.CorsFilter@4f01e602, al.ikubinfo.hrmanagement.security.JWTFilter@787f56c5, org.springframework.security.web.savedrequest.RequestCacheAwareFilter@4f7d041, org.springframework.security.web.servletapi.SecurityContextHolderAwareRequestFilter@68dbffde, org.springframework.security.web.authentication.AnonymousAuthenticationFilter@3f53e50a, org.springframework.security.web.session.SessionManagementFilter@512307cc, org.springframework.security.web.access.ExceptionTranslationFilter@2a85b3ef, org.springframework.security.web.access.intercept.FilterSecurityInterceptor@5893ff07]
2022-07-29 19:54:13 [restartedMain] INFO  o.s.b.d.a.OptionalLiveReloadServer - LiveReload server is running on port 35729
2022-07-29 19:54:13 [restartedMain] INFO  o.s.b.w.e.tomcat.TomcatWebServer - Tomcat started on port(s): 8080 (http) with context path ''
2022-07-29 19:54:13 [restartedMain] INFO  a.i.h.HrManagementApplication - Started HrManagementApplication in 6.58 seconds (JVM running for 8497.927)
2022-07-29 19:54:13 [restartedMain] INFO  o.s.b.d.a.ConditionEvaluationDeltaLoggingListener - Condition evaluation unchanged
2022-07-29 19:54:16 [restartedMain] INFO  a.i.h.HrManagementApplication - Starting HrManagementApplication using Java 11.0.16 on DESKTOP-G9LVEFO with PID 2364 (C:\Users\User\Desktop\hr-spring\target\classes started by User in C:\Users\User\Desktop\hr-spring)
2022-07-29 19:54:16 [restartedMain] INFO  a.i.h.HrManagementApplication - No active profile set, falling back to default profiles: default
2022-07-29 19:54:16 [restartedMain] INFO  o.s.b.d.restart.ChangeableUrls - The Class-Path manifest attribute in C:\Users\User\.m2\repository\org\apache\derby\derby\10.14.2.0\derby-10.14.2.0.jar referenced one or more files that do not exist: file:/C:/Users/User/.m2/repository/org/apache/derby/derby/10.14.2.0/derbyLocale_cs.jar,file:/C:/Users/User/.m2/repository/org/apache/derby/derby/10.14.2.0/derbyLocale_de_DE.jar,file:/C:/Users/User/.m2/repository/org/apache/derby/derby/10.14.2.0/derbyLocale_es.jar,file:/C:/Users/User/.m2/repository/org/apache/derby/derby/10.14.2.0/derbyLocale_fr.jar,file:/C:/Users/User/.m2/repository/org/apache/derby/derby/10.14.2.0/derbyLocale_hu.jar,file:/C:/Users/User/.m2/repository/org/apache/derby/derby/10.14.2.0/derbyLocale_it.jar,file:/C:/Users/User/.m2/repository/org/apache/derby/derby/10.14.2.0/derbyLocale_ja_JP.jar,file:/C:/Users/User/.m2/repository/org/apache/derby/derby/10.14.2.0/derbyLocale_ko_KR.jar,file:/C:/Users/User/.m2/repository/org/apache/derby/derby/10.14.2.0/derbyLocale_pl.jar,file:/C:/Users/User/.m2/repository/org/apache/derby/derby/10.14.2.0/derbyLocale_pt_BR.jar,file:/C:/Users/User/.m2/repository/org/apache/derby/derby/10.14.2.0/derbyLocale_ru.jar,file:/C:/Users/User/.m2/repository/org/apache/derby/derby/10.14.2.0/derbyLocale_zh_CN.jar,file:/C:/Users/User/.m2/repository/org/apache/derby/derby/10.14.2.0/derbyLocale_zh_TW.jar
2022-07-29 19:54:16 [restartedMain] INFO  o.s.b.d.e.DevToolsPropertyDefaultsPostProcessor - Devtools property defaults active! Set 'spring.devtools.add-properties' to 'false' to disable
2022-07-29 19:54:16 [restartedMain] INFO  o.s.b.d.e.DevToolsPropertyDefaultsPostProcessor - For additional web related logging consider setting the 'logging.level.web' property to 'DEBUG'
2022-07-29 19:54:19 [restartedMain] INFO  o.s.d.r.c.RepositoryConfigurationDelegate - Bootstrapping Spring Data JPA repositories in DEFAULT mode.
2022-07-29 19:54:20 [restartedMain] INFO  o.s.d.r.c.RepositoryConfigurationDelegate - Finished Spring Data repository scanning in 264 ms. Found 5 JPA repository interfaces.
2022-07-29 19:54:24 [restartedMain] INFO  o.s.b.w.e.tomcat.TomcatWebServer - Tomcat initialized with port(s): 8080 (http)
2022-07-29 19:54:24 [restartedMain] INFO  o.a.catalina.core.StandardService - Starting service [Tomcat]
2022-07-29 19:54:24 [restartedMain] INFO  o.a.catalina.core.StandardEngine - Starting Servlet engine: [Apache Tomcat/9.0.55]
2022-07-29 19:54:24 [restartedMain] INFO  o.a.c.c.C.[Tomcat].[localhost].[/] - Initializing Spring embedded WebApplicationContext
2022-07-29 19:54:24 [restartedMain] INFO  o.s.b.w.s.c.ServletWebServerApplicationContext - Root WebApplicationContext: initialization completed in 7991 ms
2022-07-29 19:54:24 [restartedMain] INFO  com.zaxxer.hikari.HikariDataSource - HikariPool-1 - Starting...
2022-07-29 19:54:25 [restartedMain] INFO  com.zaxxer.hikari.HikariDataSource - HikariPool-1 - Start completed.
2022-07-29 19:54:25 [restartedMain] INFO  o.s.b.a.h.H2ConsoleAutoConfiguration - H2 console available at '/h2'. Database available at 'jdbc:h2:mem:mydb'
2022-07-29 19:54:26 [restartedMain] WARN  o.s.b.a.o.j.JpaBaseConfiguration$JpaWebConfiguration - spring.jpa.open-in-view is enabled by default. Therefore, database queries may be performed during view rendering. Explicitly configure spring.jpa.open-in-view to disable this warning
2022-07-29 19:54:26 [restartedMain] INFO  o.f.c.i.license.VersionPrinter - Flyway Community Edition 8.0.4 by Redgate
2022-07-29 19:54:26 [restartedMain] INFO  o.f.c.i.d.base.BaseDatabaseType - Database: jdbc:h2:mem:mydb (H2 1.4)
2022-07-29 19:54:26 [restartedMain] INFO  o.f.core.internal.command.DbValidate - Successfully validated 7 migrations (execution time 00:00.128s)
2022-07-29 19:54:26 [restartedMain] INFO  o.f.c.i.s.JdbcTableSchemaHistory - Creating Schema History table "PUBLIC"."SCHEMA_HISTORY" ...
2022-07-29 19:54:27 [restartedMain] INFO  o.f.core.internal.command.DbMigrate - Current version of schema "PUBLIC": << Empty Schema >>
2022-07-29 19:54:27 [restartedMain] INFO  o.f.core.internal.command.DbMigrate - Migrating schema "PUBLIC" to version "1.1 - ddl create user"
2022-07-29 19:54:27 [restartedMain] INFO  o.f.core.internal.command.DbMigrate - Migrating schema "PUBLIC" to version "1.2 - ddl create department"
2022-07-29 19:54:27 [restartedMain] INFO  o.f.core.internal.command.DbMigrate - Migrating schema "PUBLIC" to version "1.3 - ddl create holiday"
2022-07-29 19:54:27 [restartedMain] INFO  o.f.core.internal.command.DbMigrate - Migrating schema "PUBLIC" to version "1.4 - ddl create request"
2022-07-29 19:54:28 [restartedMain] INFO  o.f.core.internal.command.DbMigrate - Migrating schema "PUBLIC" to version "1.5 - ddl create role"
2022-07-29 19:54:28 [restartedMain] INFO  o.f.core.internal.command.DbMigrate - Migrating schema "PUBLIC" to version "1.6 - ddl constrains"
2022-07-29 19:54:28 [restartedMain] INFO  o.f.core.internal.command.DbMigrate - Migrating schema "PUBLIC" to version "1.7 - ddl insert-data"
2022-07-29 19:54:28 [restartedMain] INFO  o.f.core.internal.command.DbMigrate - Successfully applied 7 migrations to schema "PUBLIC", now at version v1.7 (execution time 00:01.411s)
2022-07-29 19:54:29 [restartedMain] INFO  o.h.jpa.internal.util.LogHelper - HHH000204: Processing PersistenceUnitInfo [name: default]
2022-07-29 19:54:30 [restartedMain] INFO  org.hibernate.Version - HHH000412: Hibernate ORM core version 5.6.1.Final
2022-07-29 19:54:30 [restartedMain] INFO  o.h.annotations.common.Version - HCANN000001: Hibernate Commons Annotations {5.1.2.Final}
2022-07-29 19:54:31 [restartedMain] INFO  org.hibernate.dialect.Dialect - HHH000400: Using dialect: org.hibernate.dialect.H2Dialect
2022-07-29 19:54:33 [restartedMain] INFO  o.h.e.t.j.p.i.JtaPlatformInitiator - HHH000490: Using JtaPlatform implementation: [org.hibernate.engine.transaction.jta.platform.internal.NoJtaPlatform]
2022-07-29 19:54:33 [restartedMain] INFO  o.s.o.j.LocalContainerEntityManagerFactoryBean - Initialized JPA EntityManagerFactory for persistence unit 'default'
2022-07-29 19:54:37 [restartedMain] INFO  o.s.s.web.DefaultSecurityFilterChain - Will secure Ant [pattern='/**', OPTIONS] with []
2022-07-29 19:54:37 [restartedMain] INFO  o.s.s.web.DefaultSecurityFilterChain - Will secure Ant [pattern='/swagger-ui/**'] with []
2022-07-29 19:54:37 [restartedMain] INFO  o.s.s.web.DefaultSecurityFilterChain - Will secure Ant [pattern='/v3/api-docs/**'] with []
2022-07-29 19:54:37 [restartedMain] INFO  o.s.s.web.DefaultSecurityFilterChain - Will secure Ant [pattern='/'] with []
2022-07-29 19:54:37 [restartedMain] INFO  o.s.s.web.DefaultSecurityFilterChain - Will secure Ant [pattern='/*.html'] with []
2022-07-29 19:54:37 [restartedMain] INFO  o.s.s.web.DefaultSecurityFilterChain - Will secure Ant [pattern='/favicon.ico'] with []
2022-07-29 19:54:37 [restartedMain] INFO  o.s.s.web.DefaultSecurityFilterChain - Will secure Ant [pattern='/**/*.html'] with []
2022-07-29 19:54:37 [restartedMain] INFO  o.s.s.web.DefaultSecurityFilterChain - Will secure Ant [pattern='/**/*.css'] with []
2022-07-29 19:54:37 [restartedMain] INFO  o.s.s.web.DefaultSecurityFilterChain - Will secure Ant [pattern='/**/*.js'] with []
2022-07-29 19:54:37 [restartedMain] INFO  o.s.s.web.DefaultSecurityFilterChain - Will secure Ant [pattern='/h2/**'] with []
2022-07-29 19:54:38 [restartedMain] INFO  o.s.s.web.DefaultSecurityFilterChain - Will secure any request with [org.springframework.security.web.context.request.async.WebAsyncManagerIntegrationFilter@4f776bbc, org.springframework.security.web.context.SecurityContextPersistenceFilter@6fd2cd05, org.springframework.security.web.header.HeaderWriterFilter@2bd1e554, org.springframework.security.web.authentication.logout.LogoutFilter@448075a0, org.springframework.web.filter.CorsFilter@60c8b53, al.ikubinfo.hrmanagement.security.JWTFilter@6589b775, org.springframework.security.web.savedrequest.RequestCacheAwareFilter@d3bc2a8, org.springframework.security.web.servletapi.SecurityContextHolderAwareRequestFilter@5da0164, org.springframework.security.web.authentication.AnonymousAuthenticationFilter@cd5d955, org.springframework.security.web.session.SessionManagementFilter@3b20440a, org.springframework.security.web.access.ExceptionTranslationFilter@d3a3ae, org.springframework.security.web.access.intercept.FilterSecurityInterceptor@499d56b0]
2022-07-29 19:54:41 [restartedMain] WARN  o.s.b.d.a.OptionalLiveReloadServer - Unable to start LiveReload server
2022-07-29 19:54:41 [restartedMain] WARN  o.s.b.w.s.c.AnnotationConfigServletWebServerApplicationContext - Exception encountered during context initialization - cancelling refresh attempt: org.springframework.context.ApplicationContextException: Failed to start bean 'webServerStartStop'; nested exception is org.springframework.boot.web.server.PortInUseException: Port 8080 is already in use
2022-07-29 19:54:41 [restartedMain] INFO  o.s.o.j.LocalContainerEntityManagerFactoryBean - Closing JPA EntityManagerFactory for persistence unit 'default'
2022-07-29 19:54:41 [restartedMain] WARN  o.s.b.f.s.DisposableBeanAdapter - Invocation of destroy method failed on bean with name 'inMemoryDatabaseShutdownExecutor': org.h2.jdbc.JdbcSQLNonTransientConnectionException: Database is already closed (to disable automatic closing at VM shutdown, add ";DB_CLOSE_ON_EXIT=FALSE" to the db URL) [90121-200]
2022-07-29 19:54:41 [restartedMain] INFO  com.zaxxer.hikari.HikariDataSource - HikariPool-1 - Shutdown initiated...
2022-07-29 19:54:41 [restartedMain] INFO  com.zaxxer.hikari.HikariDataSource - HikariPool-1 - Shutdown completed.
2022-07-29 19:54:41 [restartedMain] INFO  o.a.catalina.core.StandardService - Stopping service [Tomcat]
2022-07-29 19:54:42 [restartedMain] INFO  o.s.b.a.l.ConditionEvaluationReportLoggingListener - 

Error starting ApplicationContext. To display the conditions report re-run your application with 'debug' enabled.
2022-07-29 19:54:42 [restartedMain] ERROR o.s.b.d.LoggingFailureAnalysisReporter - 

***************************
APPLICATION FAILED TO START
***************************

Description:

Web server failed to start. Port 8080 was already in use.

Action:

Identify and stop the process that's listening on port 8080 or configure this application to listen on another port.

2022-07-29 19:54:50 [restartedMain] INFO  a.i.h.HrManagementApplication - Starting HrManagementApplication using Java 11.0.16 on DESKTOP-G9LVEFO with PID 2120 (C:\Users\User\Desktop\hr-spring\target\classes started by User in C:\Users\User\Desktop\hr-spring)
2022-07-29 19:54:50 [restartedMain] INFO  a.i.h.HrManagementApplication - No active profile set, falling back to default profiles: default
2022-07-29 19:54:51 [restartedMain] INFO  o.s.b.d.restart.ChangeableUrls - The Class-Path manifest attribute in C:\Users\User\.m2\repository\org\apache\derby\derby\10.14.2.0\derby-10.14.2.0.jar referenced one or more files that do not exist: file:/C:/Users/User/.m2/repository/org/apache/derby/derby/10.14.2.0/derbyLocale_cs.jar,file:/C:/Users/User/.m2/repository/org/apache/derby/derby/10.14.2.0/derbyLocale_de_DE.jar,file:/C:/Users/User/.m2/repository/org/apache/derby/derby/10.14.2.0/derbyLocale_es.jar,file:/C:/Users/User/.m2/repository/org/apache/derby/derby/10.14.2.0/derbyLocale_fr.jar,file:/C:/Users/User/.m2/repository/org/apache/derby/derby/10.14.2.0/derbyLocale_hu.jar,file:/C:/Users/User/.m2/repository/org/apache/derby/derby/10.14.2.0/derbyLocale_it.jar,file:/C:/Users/User/.m2/repository/org/apache/derby/derby/10.14.2.0/derbyLocale_ja_JP.jar,file:/C:/Users/User/.m2/repository/org/apache/derby/derby/10.14.2.0/derbyLocale_ko_KR.jar,file:/C:/Users/User/.m2/repository/org/apache/derby/derby/10.14.2.0/derbyLocale_pl.jar,file:/C:/Users/User/.m2/repository/org/apache/derby/derby/10.14.2.0/derbyLocale_pt_BR.jar,file:/C:/Users/User/.m2/repository/org/apache/derby/derby/10.14.2.0/derbyLocale_ru.jar,file:/C:/Users/User/.m2/repository/org/apache/derby/derby/10.14.2.0/derbyLocale_zh_CN.jar,file:/C:/Users/User/.m2/repository/org/apache/derby/derby/10.14.2.0/derbyLocale_zh_TW.jar
2022-07-29 19:54:51 [restartedMain] INFO  o.s.b.d.e.DevToolsPropertyDefaultsPostProcessor - Devtools property defaults active! Set 'spring.devtools.add-properties' to 'false' to disable
2022-07-29 19:54:51 [restartedMain] INFO  o.s.b.d.e.DevToolsPropertyDefaultsPostProcessor - For additional web related logging consider setting the 'logging.level.web' property to 'DEBUG'
2022-07-29 19:54:54 [restartedMain] INFO  o.s.d.r.c.RepositoryConfigurationDelegate - Bootstrapping Spring Data JPA repositories in DEFAULT mode.
2022-07-29 19:54:55 [restartedMain] INFO  o.s.d.r.c.RepositoryConfigurationDelegate - Finished Spring Data repository scanning in 360 ms. Found 5 JPA repository interfaces.
2022-07-29 19:54:59 [restartedMain] INFO  o.s.b.w.e.tomcat.TomcatWebServer - Tomcat initialized with port(s): 8080 (http)
2022-07-29 19:54:59 [restartedMain] INFO  o.a.catalina.core.StandardService - Starting service [Tomcat]
2022-07-29 19:54:59 [restartedMain] INFO  o.a.catalina.core.StandardEngine - Starting Servlet engine: [Apache Tomcat/9.0.55]
2022-07-29 19:54:59 [restartedMain] INFO  o.a.c.c.C.[Tomcat].[localhost].[/] - Initializing Spring embedded WebApplicationContext
2022-07-29 19:54:59 [restartedMain] INFO  o.s.b.w.s.c.ServletWebServerApplicationContext - Root WebApplicationContext: initialization completed in 8668 ms
2022-07-29 19:55:00 [restartedMain] INFO  com.zaxxer.hikari.HikariDataSource - HikariPool-1 - Starting...
2022-07-29 19:55:00 [restartedMain] INFO  com.zaxxer.hikari.HikariDataSource - HikariPool-1 - Start completed.
2022-07-29 19:55:00 [restartedMain] INFO  o.s.b.a.h.H2ConsoleAutoConfiguration - H2 console available at '/h2'. Database available at 'jdbc:h2:mem:mydb'
2022-07-29 19:55:01 [restartedMain] WARN  o.s.b.a.o.j.JpaBaseConfiguration$JpaWebConfiguration - spring.jpa.open-in-view is enabled by default. Therefore, database queries may be performed during view rendering. Explicitly configure spring.jpa.open-in-view to disable this warning
2022-07-29 19:55:02 [restartedMain] INFO  o.f.c.i.license.VersionPrinter - Flyway Community Edition 8.0.4 by Redgate
2022-07-29 19:55:02 [restartedMain] INFO  o.f.c.i.d.base.BaseDatabaseType - Database: jdbc:h2:mem:mydb (H2 1.4)
2022-07-29 19:55:02 [restartedMain] INFO  o.f.core.internal.command.DbValidate - Successfully validated 7 migrations (execution time 00:00.144s)
2022-07-29 19:55:02 [restartedMain] INFO  o.f.c.i.s.JdbcTableSchemaHistory - Creating Schema History table "PUBLIC"."SCHEMA_HISTORY" ...
2022-07-29 19:55:02 [restartedMain] INFO  o.f.core.internal.command.DbMigrate - Current version of schema "PUBLIC": << Empty Schema >>
2022-07-29 19:55:02 [restartedMain] INFO  o.f.core.internal.command.DbMigrate - Migrating schema "PUBLIC" to version "1.1 - ddl create user"
2022-07-29 19:55:03 [restartedMain] INFO  o.f.core.internal.command.DbMigrate - Migrating schema "PUBLIC" to version "1.2 - ddl create department"
2022-07-29 19:55:03 [restartedMain] INFO  o.f.core.internal.command.DbMigrate - Migrating schema "PUBLIC" to version "1.3 - ddl create holiday"
2022-07-29 19:55:03 [restartedMain] INFO  o.f.core.internal.command.DbMigrate - Migrating schema "PUBLIC" to version "1.4 - ddl create request"
2022-07-29 19:55:03 [restartedMain] INFO  o.f.core.internal.command.DbMigrate - Migrating schema "PUBLIC" to version "1.5 - ddl create role"
2022-07-29 19:55:03 [restartedMain] INFO  o.f.core.internal.command.DbMigrate - Migrating schema "PUBLIC" to version "1.6 - ddl constrains"
2022-07-29 19:55:03 [restartedMain] INFO  o.f.core.internal.command.DbMigrate - Migrating schema "PUBLIC" to version "1.7 - ddl insert-data"
2022-07-29 19:55:04 [restartedMain] INFO  o.f.core.internal.command.DbMigrate - Successfully applied 7 migrations to schema "PUBLIC", now at version v1.7 (execution time 00:01.288s)
2022-07-29 19:55:05 [restartedMain] INFO  o.h.jpa.internal.util.LogHelper - HHH000204: Processing PersistenceUnitInfo [name: default]
2022-07-29 19:55:05 [restartedMain] INFO  org.hibernate.Version - HHH000412: Hibernate ORM core version 5.6.1.Final
2022-07-29 19:55:06 [restartedMain] INFO  o.h.annotations.common.Version - HCANN000001: Hibernate Commons Annotations {5.1.2.Final}
2022-07-29 19:55:07 [restartedMain] INFO  org.hibernate.dialect.Dialect - HHH000400: Using dialect: org.hibernate.dialect.H2Dialect
2022-07-29 19:55:09 [restartedMain] INFO  o.h.e.t.j.p.i.JtaPlatformInitiator - HHH000490: Using JtaPlatform implementation: [org.hibernate.engine.transaction.jta.platform.internal.NoJtaPlatform]
2022-07-29 19:55:10 [restartedMain] INFO  o.s.o.j.LocalContainerEntityManagerFactoryBean - Initialized JPA EntityManagerFactory for persistence unit 'default'
2022-07-29 19:55:13 [restartedMain] INFO  o.s.s.web.DefaultSecurityFilterChain - Will secure Ant [pattern='/**', OPTIONS] with []
2022-07-29 19:55:13 [restartedMain] INFO  o.s.s.web.DefaultSecurityFilterChain - Will secure Ant [pattern='/swagger-ui/**'] with []
2022-07-29 19:55:13 [restartedMain] INFO  o.s.s.web.DefaultSecurityFilterChain - Will secure Ant [pattern='/v3/api-docs/**'] with []
2022-07-29 19:55:13 [restartedMain] INFO  o.s.s.web.DefaultSecurityFilterChain - Will secure Ant [pattern='/'] with []
2022-07-29 19:55:13 [restartedMain] INFO  o.s.s.web.DefaultSecurityFilterChain - Will secure Ant [pattern='/*.html'] with []
2022-07-29 19:55:13 [restartedMain] INFO  o.s.s.web.DefaultSecurityFilterChain - Will secure Ant [pattern='/favicon.ico'] with []
2022-07-29 19:55:13 [restartedMain] INFO  o.s.s.web.DefaultSecurityFilterChain - Will secure Ant [pattern='/**/*.html'] with []
2022-07-29 19:55:13 [restartedMain] INFO  o.s.s.web.DefaultSecurityFilterChain - Will secure Ant [pattern='/**/*.css'] with []
2022-07-29 19:55:13 [restartedMain] INFO  o.s.s.web.DefaultSecurityFilterChain - Will secure Ant [pattern='/**/*.js'] with []
2022-07-29 19:55:13 [restartedMain] INFO  o.s.s.web.DefaultSecurityFilterChain - Will secure Ant [pattern='/h2/**'] with []
2022-07-29 19:55:14 [restartedMain] INFO  o.s.s.web.DefaultSecurityFilterChain - Will secure any request with [org.springframework.security.web.context.request.async.WebAsyncManagerIntegrationFilter@6a36c0fa, org.springframework.security.web.context.SecurityContextPersistenceFilter@731e7645, org.springframework.security.web.header.HeaderWriterFilter@e1d3d7, org.springframework.security.web.authentication.logout.LogoutFilter@2dba4a01, org.springframework.web.filter.CorsFilter@2af68cce, al.ikubinfo.hrmanagement.security.JWTFilter@7354077b, org.springframework.security.web.savedrequest.RequestCacheAwareFilter@ec5cc9b, org.springframework.security.web.servletapi.SecurityContextHolderAwareRequestFilter@5031081e, org.springframework.security.web.authentication.AnonymousAuthenticationFilter@2faf9841, org.springframework.security.web.session.SessionManagementFilter@781d7e7, org.springframework.security.web.access.ExceptionTranslationFilter@5c2c0b7c, org.springframework.security.web.access.intercept.FilterSecurityInterceptor@62fc0194]
2022-07-29 19:55:17 [restartedMain] WARN  o.s.b.d.a.OptionalLiveReloadServer - Unable to start LiveReload server
2022-07-29 19:55:17 [restartedMain] WARN  o.s.b.w.s.c.AnnotationConfigServletWebServerApplicationContext - Exception encountered during context initialization - cancelling refresh attempt: org.springframework.context.ApplicationContextException: Failed to start bean 'webServerStartStop'; nested exception is org.springframework.boot.web.server.PortInUseException: Port 8080 is already in use
2022-07-29 19:55:17 [restartedMain] INFO  o.s.o.j.LocalContainerEntityManagerFactoryBean - Closing JPA EntityManagerFactory for persistence unit 'default'
2022-07-29 19:55:18 [restartedMain] WARN  o.s.b.f.s.DisposableBeanAdapter - Invocation of destroy method failed on bean with name 'inMemoryDatabaseShutdownExecutor': org.h2.jdbc.JdbcSQLNonTransientConnectionException: Database is already closed (to disable automatic closing at VM shutdown, add ";DB_CLOSE_ON_EXIT=FALSE" to the db URL) [90121-200]
2022-07-29 19:55:18 [restartedMain] INFO  com.zaxxer.hikari.HikariDataSource - HikariPool-1 - Shutdown initiated...
2022-07-29 19:55:18 [restartedMain] INFO  com.zaxxer.hikari.HikariDataSource - HikariPool-1 - Shutdown completed.
2022-07-29 19:55:18 [restartedMain] INFO  o.a.catalina.core.StandardService - Stopping service [Tomcat]
2022-07-29 19:55:18 [restartedMain] INFO  o.s.b.a.l.ConditionEvaluationReportLoggingListener - 

Error starting ApplicationContext. To display the conditions report re-run your application with 'debug' enabled.
2022-07-29 19:55:18 [restartedMain] ERROR o.s.b.d.LoggingFailureAnalysisReporter - 

***************************
APPLICATION FAILED TO START
***************************

Description:

Web server failed to start. Port 8080 was already in use.

Action:

Identify and stop the process that's listening on port 8080 or configure this application to listen on another port.

2022-07-29 19:57:25 [restartedMain] INFO  a.i.h.HrManagementApplication - Starting HrManagementApplication using Java 11.0.16 on DESKTOP-G9LVEFO with PID 2404 (C:\Users\User\Desktop\hr-spring\target\classes started by User in C:\Users\User\Desktop\hr-spring)
2022-07-29 19:57:25 [restartedMain] INFO  a.i.h.HrManagementApplication - No active profile set, falling back to default profiles: default
2022-07-29 19:57:25 [restartedMain] INFO  o.s.b.d.restart.ChangeableUrls - The Class-Path manifest attribute in C:\Users\User\.m2\repository\org\apache\derby\derby\10.14.2.0\derby-10.14.2.0.jar referenced one or more files that do not exist: file:/C:/Users/User/.m2/repository/org/apache/derby/derby/10.14.2.0/derbyLocale_cs.jar,file:/C:/Users/User/.m2/repository/org/apache/derby/derby/10.14.2.0/derbyLocale_de_DE.jar,file:/C:/Users/User/.m2/repository/org/apache/derby/derby/10.14.2.0/derbyLocale_es.jar,file:/C:/Users/User/.m2/repository/org/apache/derby/derby/10.14.2.0/derbyLocale_fr.jar,file:/C:/Users/User/.m2/repository/org/apache/derby/derby/10.14.2.0/derbyLocale_hu.jar,file:/C:/Users/User/.m2/repository/org/apache/derby/derby/10.14.2.0/derbyLocale_it.jar,file:/C:/Users/User/.m2/repository/org/apache/derby/derby/10.14.2.0/derbyLocale_ja_JP.jar,file:/C:/Users/User/.m2/repository/org/apache/derby/derby/10.14.2.0/derbyLocale_ko_KR.jar,file:/C:/Users/User/.m2/repository/org/apache/derby/derby/10.14.2.0/derbyLocale_pl.jar,file:/C:/Users/User/.m2/repository/org/apache/derby/derby/10.14.2.0/derbyLocale_pt_BR.jar,file:/C:/Users/User/.m2/repository/org/apache/derby/derby/10.14.2.0/derbyLocale_ru.jar,file:/C:/Users/User/.m2/repository/org/apache/derby/derby/10.14.2.0/derbyLocale_zh_CN.jar,file:/C:/Users/User/.m2/repository/org/apache/derby/derby/10.14.2.0/derbyLocale_zh_TW.jar
2022-07-29 19:57:25 [restartedMain] INFO  o.s.b.d.e.DevToolsPropertyDefaultsPostProcessor - Devtools property defaults active! Set 'spring.devtools.add-properties' to 'false' to disable
2022-07-29 19:57:25 [restartedMain] INFO  o.s.b.d.e.DevToolsPropertyDefaultsPostProcessor - For additional web related logging consider setting the 'logging.level.web' property to 'DEBUG'
2022-07-29 19:57:29 [restartedMain] INFO  o.s.d.r.c.RepositoryConfigurationDelegate - Bootstrapping Spring Data JPA repositories in DEFAULT mode.
2022-07-29 19:57:29 [restartedMain] INFO  o.s.d.r.c.RepositoryConfigurationDelegate - Finished Spring Data repository scanning in 249 ms. Found 5 JPA repository interfaces.
2022-07-29 19:57:32 [restartedMain] INFO  o.s.b.w.e.tomcat.TomcatWebServer - Tomcat initialized with port(s): 8080 (http)
2022-07-29 19:57:32 [restartedMain] INFO  o.a.catalina.core.StandardService - Starting service [Tomcat]
2022-07-29 19:57:32 [restartedMain] INFO  o.a.catalina.core.StandardEngine - Starting Servlet engine: [Apache Tomcat/9.0.55]
2022-07-29 19:57:33 [restartedMain] INFO  o.a.c.c.C.[Tomcat].[localhost].[/] - Initializing Spring embedded WebApplicationContext
2022-07-29 19:57:33 [restartedMain] INFO  o.s.b.w.s.c.ServletWebServerApplicationContext - Root WebApplicationContext: initialization completed in 7623 ms
2022-07-29 19:57:33 [restartedMain] INFO  com.zaxxer.hikari.HikariDataSource - HikariPool-1 - Starting...
2022-07-29 19:57:34 [restartedMain] INFO  com.zaxxer.hikari.HikariDataSource - HikariPool-1 - Start completed.
2022-07-29 19:57:34 [restartedMain] INFO  o.s.b.a.h.H2ConsoleAutoConfiguration - H2 console available at '/h2'. Database available at 'jdbc:h2:mem:mydb'
2022-07-29 19:57:35 [restartedMain] WARN  o.s.b.a.o.j.JpaBaseConfiguration$JpaWebConfiguration - spring.jpa.open-in-view is enabled by default. Therefore, database queries may be performed during view rendering. Explicitly configure spring.jpa.open-in-view to disable this warning
2022-07-29 19:57:35 [restartedMain] INFO  o.f.c.i.license.VersionPrinter - Flyway Community Edition 8.0.4 by Redgate
2022-07-29 19:57:35 [restartedMain] INFO  o.f.c.i.d.base.BaseDatabaseType - Database: jdbc:h2:mem:mydb (H2 1.4)
2022-07-29 19:57:36 [restartedMain] INFO  o.f.core.internal.command.DbValidate - Successfully validated 7 migrations (execution time 00:00.145s)
2022-07-29 19:57:36 [restartedMain] INFO  o.f.c.i.s.JdbcTableSchemaHistory - Creating Schema History table "PUBLIC"."SCHEMA_HISTORY" ...
2022-07-29 19:57:36 [restartedMain] INFO  o.f.core.internal.command.DbMigrate - Current version of schema "PUBLIC": << Empty Schema >>
2022-07-29 19:57:36 [restartedMain] INFO  o.f.core.internal.command.DbMigrate - Migrating schema "PUBLIC" to version "1.1 - ddl create user"
2022-07-29 19:57:36 [restartedMain] INFO  o.f.core.internal.command.DbMigrate - Migrating schema "PUBLIC" to version "1.2 - ddl create department"
2022-07-29 19:57:37 [restartedMain] INFO  o.f.core.internal.command.DbMigrate - Migrating schema "PUBLIC" to version "1.3 - ddl create holiday"
2022-07-29 19:57:37 [restartedMain] INFO  o.f.core.internal.command.DbMigrate - Migrating schema "PUBLIC" to version "1.4 - ddl create request"
2022-07-29 19:57:37 [restartedMain] INFO  o.f.core.internal.command.DbMigrate - Migrating schema "PUBLIC" to version "1.5 - ddl create role"
2022-07-29 19:57:37 [restartedMain] INFO  o.f.core.internal.command.DbMigrate - Migrating schema "PUBLIC" to version "1.6 - ddl constrains"
2022-07-29 19:57:37 [restartedMain] INFO  o.f.core.internal.command.DbMigrate - Migrating schema "PUBLIC" to version "1.7 - ddl insert-data"
2022-07-29 19:57:37 [restartedMain] INFO  o.f.core.internal.command.DbMigrate - Successfully applied 7 migrations to schema "PUBLIC", now at version v1.7 (execution time 00:01.082s)
2022-07-29 19:57:38 [restartedMain] INFO  o.h.jpa.internal.util.LogHelper - HHH000204: Processing PersistenceUnitInfo [name: default]
2022-07-29 19:57:38 [restartedMain] INFO  org.hibernate.Version - HHH000412: Hibernate ORM core version 5.6.1.Final
2022-07-29 19:57:39 [restartedMain] INFO  o.h.annotations.common.Version - HCANN000001: Hibernate Commons Annotations {5.1.2.Final}
2022-07-29 19:57:40 [restartedMain] INFO  org.hibernate.dialect.Dialect - HHH000400: Using dialect: org.hibernate.dialect.H2Dialect
2022-07-29 19:57:42 [restartedMain] INFO  o.h.e.t.j.p.i.JtaPlatformInitiator - HHH000490: Using JtaPlatform implementation: [org.hibernate.engine.transaction.jta.platform.internal.NoJtaPlatform]
2022-07-29 19:57:42 [restartedMain] INFO  o.s.o.j.LocalContainerEntityManagerFactoryBean - Initialized JPA EntityManagerFactory for persistence unit 'default'
2022-07-29 19:57:46 [restartedMain] INFO  o.s.s.web.DefaultSecurityFilterChain - Will secure Ant [pattern='/**', OPTIONS] with []
2022-07-29 19:57:46 [restartedMain] INFO  o.s.s.web.DefaultSecurityFilterChain - Will secure Ant [pattern='/swagger-ui/**'] with []
2022-07-29 19:57:46 [restartedMain] INFO  o.s.s.web.DefaultSecurityFilterChain - Will secure Ant [pattern='/v3/api-docs/**'] with []
2022-07-29 19:57:46 [restartedMain] INFO  o.s.s.web.DefaultSecurityFilterChain - Will secure Ant [pattern='/'] with []
2022-07-29 19:57:46 [restartedMain] INFO  o.s.s.web.DefaultSecurityFilterChain - Will secure Ant [pattern='/*.html'] with []
2022-07-29 19:57:46 [restartedMain] INFO  o.s.s.web.DefaultSecurityFilterChain - Will secure Ant [pattern='/favicon.ico'] with []
2022-07-29 19:57:46 [restartedMain] INFO  o.s.s.web.DefaultSecurityFilterChain - Will secure Ant [pattern='/**/*.html'] with []
2022-07-29 19:57:46 [restartedMain] INFO  o.s.s.web.DefaultSecurityFilterChain - Will secure Ant [pattern='/**/*.css'] with []
2022-07-29 19:57:46 [restartedMain] INFO  o.s.s.web.DefaultSecurityFilterChain - Will secure Ant [pattern='/**/*.js'] with []
2022-07-29 19:57:46 [restartedMain] INFO  o.s.s.web.DefaultSecurityFilterChain - Will secure Ant [pattern='/h2/**'] with []
2022-07-29 19:57:46 [restartedMain] INFO  o.s.s.web.DefaultSecurityFilterChain - Will secure any request with [org.springframework.security.web.context.request.async.WebAsyncManagerIntegrationFilter@1d9ced17, org.springframework.security.web.context.SecurityContextPersistenceFilter@b9e8587, org.springframework.security.web.header.HeaderWriterFilter@5273cb8a, org.springframework.security.web.authentication.logout.LogoutFilter@4edc92ba, org.springframework.web.filter.CorsFilter@763f1833, al.ikubinfo.hrmanagement.security.JWTFilter@14b5ffec, org.springframework.security.web.savedrequest.RequestCacheAwareFilter@75b317b9, org.springframework.security.web.servletapi.SecurityContextHolderAwareRequestFilter@55b4f04e, org.springframework.security.web.authentication.AnonymousAuthenticationFilter@41514aab, org.springframework.security.web.session.SessionManagementFilter@191bfdbb, org.springframework.security.web.access.ExceptionTranslationFilter@2701fb1, org.springframework.security.web.access.intercept.FilterSecurityInterceptor@116a48af]
2022-07-29 19:57:50 [restartedMain] INFO  o.s.b.d.a.OptionalLiveReloadServer - LiveReload server is running on port 35729
2022-07-29 19:57:51 [restartedMain] INFO  o.s.b.w.e.tomcat.TomcatWebServer - Tomcat started on port(s): 8080 (http) with context path ''
2022-07-29 19:57:51 [restartedMain] INFO  a.i.h.HrManagementApplication - Started HrManagementApplication in 27.747 seconds (JVM running for 29.567)
2022-07-29 19:58:16 [http-nio-8080-exec-6] INFO  o.a.c.c.C.[Tomcat].[localhost].[/] - Initializing Spring DispatcherServlet 'dispatcherServlet'
